TN:
SF:src/backend/algorithm/core/LPTScheduler.ts
FN:15,(anonymous_0)
FN:18,(anonymous_1)
FN:26,(anonymous_2)
FN:32,(anonymous_3)
FNF:4
FNH:4
FNDA:2,(anonymous_0)
FNDA:2,(anonymous_1)
FNDA:4,(anonymous_2)
FNDA:4,(anonymous_3)
DA:2,2
DA:4,2
DA:5,2
DA:13,2
DA:16,2
DA:18,2
DA:19,2
DA:21,2
DA:22,4
DA:25,2
DA:26,4
DA:27,4
DA:30,2
DA:32,4
DA:34,2
LF:15
LH:15
BRDA:26,0,0,2
BRDA:26,0,1,2
BRF:2
BRH:2
end_of_record
TN:
SF:src/backend/algorithm/core/MULTIFITScheduler.ts
FN:23,(anonymous_0)
FN:26,(anonymous_1)
FN:27,(anonymous_2)
FN:74,(anonymous_3)
FNF:4
FNH:0
FNDA:0,(anonymous_0)
FNDA:0,(anonymous_1)
FNDA:0,(anonymous_2)
FNDA:0,(anonymous_3)
DA:14,2
DA:16,2
DA:17,2
DA:19,2
DA:21,2
DA:24,0
DA:26,0
DA:27,0
DA:28,0
DA:31,0
DA:33,0
DA:35,0
DA:37,0
DA:38,0
DA:39,0
DA:41,0
DA:42,0
DA:43,0
DA:45,0
DA:53,0
DA:54,0
DA:57,0
DA:59,0
DA:75,0
DA:77,0
DA:78,0
DA:80,0
DA:81,0
DA:82,0
DA:83,0
DA:84,0
DA:88,0
DA:89,0
DA:90,0
DA:92,0
DA:93,0
DA:94,0
DA:99,0
DA:100,0
DA:103,0
LF:40
LH:5
BRDA:41,0,0,0
BRDA:41,0,1,0
BRDA:53,1,0,0
BRDA:53,1,1,0
BRDA:81,2,0,0
BRDA:81,2,1,0
BRDA:88,3,0,0
BRDA:88,3,1,0
BRDA:89,4,0,0
BRDA:89,4,1,0
BRF:10
BRH:0
end_of_record
TN:
SF:src/backend/algorithm/metrics/SchedulingMetrics.ts
FN:11,computeMetrics
FN:12,(anonymous_1)
FNF:2
FNH:2
FNDA:2,computeMetrics
FNDA:4,(anonymous_1)
DA:11,2
DA:12,4
DA:13,2
DA:14,2
DA:15,2
DA:17,2
LF:6
LH:6
BRDA:21,0,0,0
BRDA:21,0,1,2
BRDA:22,1,0,0
BRDA:22,1,1,2
BRF:4
BRH:2
end_of_record
TN:
SF:src/backend/algorithm/model/Job.ts
FN:8,(anonymous_0)
FN:12,(anonymous_1)
FNF:2
FNH:2
FNDA:4,(anonymous_0)
FNDA:4,(anonymous_1)
DA:3,2
DA:5,4
DA:6,4
DA:9,4
DA:13,4
DA:14,4
LF:6
LH:6
BRF:0
BRH:0
end_of_record
TN:
SF:src/backend/algorithm/validation/SchedulerValidator.ts
FN:6,validateInputs
FN:24,validateOutput
FNF:2
FNH:2
FNDA:2,validateInputs
FNDA:2,validateOutput
DA:6,2
DA:7,2
DA:8,0
DA:10,2
DA:11,0
DA:14,2
DA:15,4
DA:16,0
DA:18,4
DA:19,0
DA:24,2
DA:25,2
DA:27,2
DA:28,4
DA:29,4
DA:30,0
DA:32,4
DA:36,2
DA:37,0
LF:19
LH:13
BRDA:7,0,0,0
BRDA:7,0,1,2
BRDA:10,1,0,0
BRDA:10,1,1,2
BRDA:15,2,0,0
BRDA:15,2,1,4
BRDA:18,3,0,0
BRDA:18,3,1,4
BRDA:29,4,0,0
BRDA:29,4,1,4
BRDA:36,5,0,0
BRDA:36,5,1,2
BRF:12
BRH:6
end_of_record
TN:
SF:src/backend/api/server.ts
FN:6,buildApp
FN:17,(anonymous_2)
FN:22,(anonymous_3)
FN:25,(anonymous_4)
FN:43,(anonymous_5)
FN:44,(anonymous_6)
FN:53,(anonymous_7)
FN:67,(anonymous_8)
FN:69,(anonymous_9)
FN:71,(anonymous_10)
FN:83,(anonymous_11)
FN:91,(anonymous_12)
FN:94,(anonymous_13)
FN:101,(anonymous_14)
FN:108,(anonymous_15)
FN:123,start
FN:131,(anonymous_17)
FNF:17
FNH:0
FNDA:0,buildApp
FNDA:0,(anonymous_2)
FNDA:0,(anonymous_3)
FNDA:0,(anonymous_4)
FNDA:0,(anonymous_5)
FNDA:0,(anonymous_6)
FNDA:0,(anonymous_7)
FNDA:0,(anonymous_8)
FNDA:0,(anonymous_9)
FNDA:0,(anonymous_10)
FNDA:0,(anonymous_11)
FNDA:0,(anonymous_12)
FNDA:0,(anonymous_13)
FNDA:0,(anonymous_14)
FNDA:0,(anonymous_15)
FNDA:0,start
FNDA:0,(anonymous_17)
DA:1,0
DA:2,0
DA:3,0
DA:6,0
DA:7,0
DA:8,0
DA:9,0
DA:16,0
DA:17,0
DA:20,0
DA:22,0
DA:25,0
DA:26,0
DA:27,0
DA:28,0
DA:29,0
DA:31,0
DA:32,0
DA:35,0
DA:39,0
DA:43,0
DA:44,0
DA:53,0
DA:54,0
DA:56,0
DA:57,0
DA:60,0
DA:61,0
DA:62,0
DA:64,0
DA:66,0
DA:67,0
DA:68,0
DA:69,0
DA:71,0
DA:74,0
DA:83,0
DA:84,0
DA:86,0
DA:87,0
DA:90,0
DA:91,0
DA:94,0
DA:101,0
DA:102,0
DA:103,0
DA:104,0
DA:106,0
DA:108,0
DA:120,0
DA:124,0
DA:125,0
DA:126,0
DA:127,0
DA:130,0
DA:131,0
DA:132,0
DA:133,0
LF:58
LH:0
BRDA:8,0,0,0
BRDA:8,0,1,0
BRDA:16,1,0,0
BRDA:16,1,1,0
BRDA:29,2,0,0
BRDA:29,2,1,0
BRDA:31,3,0,0
BRDA:31,3,1,0
BRDA:31,4,0,0
BRDA:31,4,1,0
BRDA:35,5,0,0
BRDA:35,5,1,0
BRDA:40,6,0,0
BRDA:40,6,1,0
BRDA:40,7,0,0
BRDA:40,7,1,0
BRDA:41,8,0,0
BRDA:41,8,1,0
BRDA:42,9,0,0
BRDA:42,9,1,0
BRDA:42,9,2,0
BRDA:45,10,0,0
BRDA:45,10,1,0
BRDA:46,11,0,0
BRDA:46,11,1,0
BRDA:46,12,0,0
BRDA:46,12,1,0
BRDA:47,13,0,0
BRDA:47,13,1,0
BRDA:48,14,0,0
BRDA:48,14,1,0
BRDA:56,15,0,0
BRDA:56,15,1,0
BRDA:60,16,0,0
BRDA:60,17,0,0
BRDA:60,18,0,0
BRDA:61,19,0,0
BRDA:61,19,1,0
BRDA:62,20,0,0
BRDA:62,20,1,0
BRDA:66,21,0,0
BRDA:66,21,1,0
BRDA:68,22,0,0
BRDA:68,22,1,0
BRDA:86,23,0,0
BRDA:86,23,1,0
BRDA:91,24,0,0
BRDA:91,24,1,0
BRDA:94,25,0,0
BRDA:94,25,1,0
BRDA:94,26,0,0
BRDA:94,26,1,0
BRDA:94,26,2,0
BRDA:96,27,0,0
BRDA:96,27,1,0
BRDA:102,28,0,0
BRDA:103,29,0,0
BRDA:103,29,1,0
BRDA:125,30,0,0
BRDA:125,30,1,0
BRDA:130,31,0,0
BRDA:130,31,1,0
BRF:62
BRH:0
end_of_record
TN:
SF:src/backend/cli/cli.ts
FN:28,findExistingCIFile
FN:37,(anonymous_11)
FN:50,findTestJobs
FN:76,(anonymous_13)
FN:85,extractTestCommands
FN:127,buildGitHubSplitJobs
FN:137,(anonymous_16)
FN:156,buildGitLabSplitJobs
FN:170,(anonymous_18)
FN:183,resolveJUnitPath
FN:191,(anonymous_20)
FN:225,(anonymous_21)
FN:294,(anonymous_22)
FN:301,(anonymous_23)
FN:330,(anonymous_24)
FN:364,(anonymous_25)
FN:367,(anonymous_26)
FN:398,(anonymous_27)
FN:441,(anonymous_28)
FN:510,(anonymous_29)
FN:512,(anonymous_30)
FN:605,(anonymous_31)
FN:622,(anonymous_32)
FN:653,deltaStr
FN:667,row
FN:775,(anonymous_35)
FN:787,(anonymous_36)
FN:845,(anonymous_37)
FN:858,(anonymous_38)
FN:894,(anonymous_39)
FN:909,(anonymous_40)
FNF:31
FNH:0
FNDA:0,findExistingCIFile
FNDA:0,(anonymous_11)
FNDA:0,findTestJobs
FNDA:0,(anonymous_13)
FNDA:0,extractTestCommands
FNDA:0,buildGitHubSplitJobs
FNDA:0,(anonymous_16)
FNDA:0,buildGitLabSplitJobs
FNDA:0,(anonymous_18)
FNDA:0,resolveJUnitPath
FNDA:0,(anonymous_20)
FNDA:0,(anonymous_21)
FNDA:0,(anonymous_22)
FNDA:0,(anonymous_23)
FNDA:0,(anonymous_24)
FNDA:0,(anonymous_25)
FNDA:0,(anonymous_26)
FNDA:0,(anonymous_27)
FNDA:0,(anonymous_28)
FNDA:0,(anonymous_29)
FNDA:0,(anonymous_30)
FNDA:0,(anonymous_31)
FNDA:0,(anonymous_32)
FNDA:0,deltaStr
FNDA:0,row
FNDA:0,(anonymous_35)
FNDA:0,(anonymous_36)
FNDA:0,(anonymous_37)
FNDA:0,(anonymous_38)
FNDA:0,(anonymous_39)
FNDA:0,(anonymous_40)
DA:3,0
DA:4,0
DA:5,0
DA:6,0
DA:7,0
DA:9,0
DA:10,0
DA:11,0
DA:13,0
DA:14,0
DA:15,0
DA:16,0
DA:17,0
DA:20,0
DA:21,0
DA:22,0
DA:23,0
DA:24,0
DA:25,0
DA:26,0
DA:28,0
DA:29,0
DA:30,0
DA:31,0
DA:32,0
DA:35,0
DA:37,0
DA:39,0
DA:42,0
DA:43,0
DA:44,0
DA:47,0
DA:50,0
DA:51,0
DA:52,0
DA:54,0
DA:55,0
DA:56,0
DA:57,0
DA:58,0
DA:59,0
DA:63,0
DA:64,0
DA:70,0
DA:71,0
DA:72,0
DA:73,0
DA:75,0
DA:76,0
DA:77,0
DA:82,0
DA:85,0
DA:90,0
DA:91,0
DA:93,0
DA:94,0
DA:95,0
DA:96,0
DA:98,0
DA:99,0
DA:103,0
DA:109,0
DA:110,0
DA:111,0
DA:112,0
DA:113,0
DA:115,0
DA:116,0
DA:117,0
DA:118,0
DA:124,0
DA:127,0
DA:132,0
DA:134,0
DA:135,0
DA:137,0
DA:138,0
DA:142,0
DA:147,0
DA:150,0
DA:153,0
DA:156,0
DA:161,0
DA:163,0
DA:164,0
DA:166,0
DA:170,0
DA:171,0
DA:172,0
DA:174,0
DA:177,0
DA:180,0
DA:184,0
DA:187,0
DA:192,0
DA:226,0
DA:227,0
DA:228,0
DA:229,0
DA:230,0
DA:231,0
DA:232,0
DA:234,0
DA:235,0
DA:236,0
DA:239,0
DA:240,0
DA:245,0
DA:248,0
DA:249,0
DA:252,0
DA:255,0
DA:256,0
DA:257,0
DA:264,0
DA:266,0
DA:267,0
DA:268,0
DA:278,0
DA:281,0
DA:286,0
DA:287,0
DA:290,0
DA:293,0
DA:294,0
DA:296,0
DA:299,0
DA:302,0
DA:305,0
DA:307,0
DA:309,0
DA:310,0
DA:312,0
DA:313,0
DA:315,0
DA:316,0
DA:318,0
DA:322,0
DA:323,0
DA:324,0
DA:325,0
DA:330,0
DA:331,0
DA:334,0
DA:335,0
DA:337,0
DA:341,0
DA:342,0
DA:343,0
DA:344,0
DA:345,0
DA:346,0
DA:348,0
DA:349,0
DA:350,0
DA:351,0
DA:352,0
DA:354,0
DA:355,0
DA:356,0
DA:357,0
DA:358,0
DA:359,0
DA:361,0
DA:362,0
DA:364,0
DA:365,0
DA:367,0
DA:368,0
DA:369,0
DA:370,0
DA:371,0
DA:372,0
DA:376,0
DA:378,0
DA:379,0
DA:380,0
DA:381,0
DA:386,0
DA:387,0
DA:388,0
DA:389,0
DA:392,0
DA:399,0
DA:442,0
DA:443,0
DA:444,0
DA:445,0
DA:446,0
DA:447,0
DA:449,0
DA:450,0
DA:455,0
DA:457,0
DA:458,0
DA:459,0
DA:460,0
DA:461,0
DA:463,0
DA:465,0
DA:467,0
DA:468,0
DA:469,0
DA:472,0
DA:473,0
DA:476,0
DA:479,0
DA:480,0
DA:483,0
DA:487,0
DA:488,0
DA:491,0
DA:494,0
DA:495,0
DA:496,0
DA:500,0
DA:501,0
DA:502,0
DA:510,0
DA:512,0
DA:515,0
DA:516,0
DA:517,0
DA:519,0
DA:528,0
DA:529,0
DA:530,0
DA:531,0
DA:534,0
DA:535,0
DA:537,0
DA:538,0
DA:539,0
DA:540,0
DA:541,0
DA:544,0
DA:545,0
DA:546,0
DA:548,0
DA:552,0
DA:554,0
DA:555,0
DA:556,0
DA:557,0
DA:560,0
DA:561,0
DA:562,0
DA:564,0
DA:565,0
DA:567,0
DA:568,0
DA:569,0
DA:570,0
DA:571,0
DA:573,0
DA:575,0
DA:576,0
DA:577,0
DA:578,0
DA:580,0
DA:583,0
DA:584,0
DA:586,0
DA:587,0
DA:590,0
DA:592,0
DA:593,0
DA:595,0
DA:598,0
DA:606,0
DA:623,0
DA:624,0
DA:625,0
DA:627,0
DA:628,0
DA:630,0
DA:631,0
DA:636,0
DA:639,0
DA:640,0
DA:643,0
DA:647,0
DA:648,0
DA:649,0
DA:650,0
DA:651,0
DA:659,0
DA:660,0
DA:661,0
DA:662,0
DA:663,0
DA:664,0
DA:673,0
DA:681,0
DA:682,0
DA:683,0
DA:689,0
DA:691,0
DA:697,0
DA:698,0
DA:699,0
DA:705,0
DA:707,0
DA:713,0
DA:719,0
DA:725,0
DA:731,0
DA:738,0
DA:740,0
DA:741,0
DA:746,0
DA:747,0
DA:749,0
DA:750,0
DA:752,0
DA:754,0
DA:755,0
DA:757,0
DA:761,0
DA:764,0
DA:769,0
DA:776,0
DA:788,0
DA:789,0
DA:791,0
DA:792,0
DA:795,0
DA:798,0
DA:799,0
DA:800,0
DA:805,0
DA:807,0
DA:808,0
DA:811,0
DA:814,0
DA:815,0
DA:816,0
DA:817,0
DA:819,0
DA:821,0
DA:823,0
DA:824,0
DA:825,0
DA:826,0
DA:827,0
DA:828,0
DA:829,0
DA:830,0
DA:833,0
DA:834,0
DA:837,0
DA:838,0
DA:839,0
DA:846,0
DA:859,0
DA:860,0
DA:862,0
DA:863,0
DA:864,0
DA:867,0
DA:870,0
DA:871,0
DA:873,0
DA:874,0
DA:875,0
DA:878,0
DA:880,0
DA:881,0
DA:882,0
DA:883,0
DA:884,0
DA:885,0
DA:886,0
DA:890,0
DA:891,0
DA:892,0
DA:893,0
DA:894,0
DA:896,0
DA:897,0
DA:898,0
DA:899,0
DA:903,0
DA:904,0
DA:909,0
DA:910,0
DA:913,0
LF:387
LH:0
BRDA:29,0,0,0
BRDA:29,0,1,0
BRDA:31,1,0,0
BRDA:31,1,1,0
BRDA:37,2,0,0
BRDA:37,2,1,0
BRDA:39,3,0,0
BRDA:39,3,1,0
BRDA:42,4,0,0
BRDA:42,4,1,0
BRDA:44,5,0,0
BRDA:44,5,1,0
BRDA:52,6,0,0
BRDA:52,6,1,0
BRDA:54,7,0,0
BRDA:54,7,1,0
BRDA:55,8,0,0
BRDA:55,8,1,0
BRDA:57,9,0,0
BRDA:57,9,1,0
BRDA:59,10,0,0
BRDA:59,10,1,0
BRDA:60,11,0,0
BRDA:60,11,1,0
BRDA:70,12,0,0
BRDA:70,12,1,0
BRDA:73,13,0,0
BRDA:73,13,1,0
BRDA:75,14,0,0
BRDA:75,14,1,0
BRDA:76,15,0,0
BRDA:76,15,1,0
BRDA:91,16,0,0
BRDA:91,16,1,0
BRDA:93,17,0,0
BRDA:93,17,1,0
BRDA:96,18,0,0
BRDA:96,18,1,0
BRDA:99,19,0,0
BRDA:99,19,1,0
BRDA:100,20,0,0
BRDA:100,20,1,0
BRDA:109,21,0,0
BRDA:109,21,1,0
BRDA:113,22,0,0
BRDA:113,22,1,0
BRDA:115,23,0,0
BRDA:115,23,1,0
BRDA:117,24,0,0
BRDA:117,24,1,0
BRDA:138,25,0,0
BRDA:138,25,1,0
BRDA:139,26,0,0
BRDA:139,26,1,0
BRDA:166,27,0,0
BRDA:166,27,1,0
BRDA:171,28,0,0
BRDA:171,28,1,0
BRDA:234,29,0,0
BRDA:234,29,1,0
BRDA:234,30,0,0
BRDA:234,30,1,0
BRDA:239,31,0,0
BRDA:239,31,1,0
BRDA:248,32,0,0
BRDA:248,32,1,0
BRDA:270,33,0,0
BRDA:270,33,1,0
BRDA:286,34,0,0
BRDA:286,34,1,0
BRDA:299,35,0,0
BRDA:299,35,1,0
BRDA:302,36,0,0
BRDA:302,36,1,0
BRDA:305,37,0,0
BRDA:305,37,1,0
BRDA:309,38,0,0
BRDA:309,38,1,0
BRDA:312,39,0,0
BRDA:312,39,1,0
BRDA:315,40,0,0
BRDA:315,40,1,0
BRDA:322,41,0,0
BRDA:322,41,1,0
BRDA:334,42,0,0
BRDA:334,42,1,0
BRDA:370,43,0,0
BRDA:370,43,1,0
BRDA:378,44,0,0
BRDA:378,44,1,0
BRDA:386,45,0,0
BRDA:386,45,1,0
BRDA:386,46,0,0
BRDA:386,46,1,0
BRDA:449,47,0,0
BRDA:449,47,1,0
BRDA:459,48,0,0
BRDA:459,48,1,0
BRDA:463,49,0,0
BRDA:463,49,1,0
BRDA:467,50,0,0
BRDA:467,50,1,0
BRDA:467,51,0,0
BRDA:467,51,1,0
BRDA:472,52,0,0
BRDA:472,52,1,0
BRDA:479,53,0,0
BRDA:479,53,1,0
BRDA:479,54,0,0
BRDA:479,54,1,0
BRDA:487,55,0,0
BRDA:487,55,1,0
BRDA:494,56,0,0
BRDA:494,56,1,0
BRDA:494,57,0,0
BRDA:494,57,1,0
BRDA:519,58,0,0
BRDA:519,58,1,0
BRDA:519,59,0,0
BRDA:519,59,1,0
BRDA:521,60,0,0
BRDA:521,60,1,0
BRDA:522,61,0,0
BRDA:522,61,1,0
BRDA:528,62,0,0
BRDA:528,62,1,0
BRDA:530,63,0,0
BRDA:530,63,1,0
BRDA:535,64,0,0
BRDA:535,64,1,0
BRDA:537,65,0,0
BRDA:537,65,1,0
BRDA:540,66,0,0
BRDA:540,66,1,0
BRDA:549,67,0,0
BRDA:549,67,1,0
BRDA:556,68,0,0
BRDA:556,68,1,0
BRDA:567,69,0,0
BRDA:567,69,1,0
BRDA:568,70,0,0
BRDA:568,70,1,0
BRDA:570,71,0,0
BRDA:570,71,1,0
BRDA:575,72,0,0
BRDA:575,72,1,0
BRDA:577,73,0,0
BRDA:577,73,1,0
BRDA:583,74,0,0
BRDA:583,74,1,0
BRDA:592,75,0,0
BRDA:592,75,1,0
BRDA:630,76,0,0
BRDA:630,76,1,0
BRDA:639,77,0,0
BRDA:639,77,1,0
BRDA:660,78,0,0
BRDA:660,78,1,0
BRDA:662,79,0,0
BRDA:662,79,1,0
BRDA:663,80,0,0
BRDA:663,80,1,0
BRDA:664,81,0,0
BRDA:664,81,1,0
BRDA:697,82,0,0
BRDA:697,82,1,0
BRDA:698,83,0,0
BRDA:698,83,1,0
BRDA:749,84,0,0
BRDA:749,84,1,0
BRDA:754,85,0,0
BRDA:754,85,1,0
BRDA:757,86,0,0
BRDA:757,86,1,0
BRDA:761,87,0,0
BRDA:761,87,1,0
BRDA:791,88,0,0
BRDA:791,88,1,0
BRDA:807,89,0,0
BRDA:807,89,1,0
BRDA:816,90,0,0
BRDA:816,90,1,0
BRDA:819,91,0,0
BRDA:819,91,1,0
BRDA:862,92,0,0
BRDA:862,92,1,0
BRDA:874,93,0,0
BRDA:874,93,1,0
BRDA:880,94,0,0
BRDA:880,94,1,0
BRDA:881,95,0,0
BRDA:881,95,1,0
BRDA:882,96,0,0
BRDA:882,96,1,0
BRDA:882,97,0,0
BRDA:882,97,1,0
BRDA:884,98,0,0
BRDA:884,98,1,0
BRDA:885,99,0,0
BRDA:885,99,1,0
BRDA:885,100,0,0
BRDA:885,100,1,0
BRDA:890,101,0,0
BRDA:890,101,1,0
BRDA:891,102,0,0
BRDA:891,102,1,0
BRDA:891,103,0,0
BRDA:891,103,1,0
BRDA:896,104,0,0
BRDA:896,104,1,0
BRDA:898,105,0,0
BRDA:898,105,1,0
BRDA:898,106,0,0
BRDA:898,106,1,0
BRDA:903,107,0,0
BRDA:903,107,1,0
BRDA:906,108,0,0
BRDA:906,108,1,0
BRDA:915,109,0,0
BRDA:915,109,1,0
BRF:220
BRH:0
end_of_record
TN:
SF:src/backend/core/TestSplitEngine.ts
FN:17,(anonymous_0)
FN:22,(anonymous_1)
FN:35,(anonymous_2)
FNF:3
FNH:3
FNDA:2,(anonymous_0)
FNDA:2,(anonymous_1)
FNDA:4,(anonymous_2)
DA:1,2
DA:3,2
DA:4,2
DA:5,2
DA:7,2
DA:8,2
DA:12,2
DA:13,2
DA:18,2
DA:19,2
DA:23,2
DA:25,2
DA:26,31
DA:29,2
DA:30,2
DA:31,2
DA:33,2
DA:35,2
DA:36,4
DA:37,4
DA:38,4
DA:41,2
DA:42,2
DA:43,2
DA:45,2
DA:46,1
DA:47,1
DA:48,1
DA:51,2
LF:29
LH:29
BRDA:17,0,0,2
BRDA:22,1,0,2
BRDA:22,2,0,2
BRDA:37,3,0,4
BRDA:37,3,1,0
BRDA:41,4,0,0
BRDA:41,4,1,2
BRDA:45,5,0,1
BRDA:45,5,1,1
BRF:9
BRH:7
end_of_record
TN:
SF:src/backend/generator/GitHubActionsGenerator.ts
FN:11,renderGitHubJob
FN:20,generateGitHubActionsConfig
FN:27,(anonymous_2)
FNF:3
FNH:3
FNDA:2,renderGitHubJob
FNDA:1,generateGitHubActionsConfig
FNDA:2,(anonymous_2)
DA:2,1
DA:3,1
DA:4,1
DA:12,2
DA:20,1
DA:25,1
DA:27,2
DA:29,1
DA:33,1
DA:40,1
DA:42,1
DA:43,1
DA:45,1
LF:13
LH:13
BRDA:22,0,0,1
BRDA:29,1,0,0
BRDA:29,1,1,1
BRDA:30,2,0,0
BRDA:30,2,1,0
BRF:5
BRH:2
end_of_record
TN:
SF:src/backend/generator/GitLabCIGenerator.ts
FN:7,renderGitLabJob
FN:15,generateGitLabCIConfig
FN:22,(anonymous_2)
FNF:3
FNH:0
FNDA:0,renderGitLabJob
FNDA:0,generateGitLabCIConfig
FNDA:0,(anonymous_2)
DA:2,0
DA:4,0
DA:5,0
DA:8,0
DA:15,0
DA:20,0
DA:22,0
DA:24,0
DA:28,0
DA:33,0
DA:36,0
DA:37,0
DA:39,0
LF:13
LH:0
BRDA:17,0,0,0
BRDA:24,1,0,0
BRDA:24,1,1,0
BRDA:25,2,0,0
BRDA:25,2,1,0
BRF:5
BRH:0
end_of_record
TN:
SF:src/backend/generator/JobGroupValidator.ts
FN:19,validateJobGroups
FNF:1
FNH:1
FNDA:1,validateJobGroups
DA:8,1
DA:19,1
DA:23,1
DA:24,0
DA:27,1
DA:28,2
DA:29,0
DA:33,1
DA:34,1
DA:35,0
DA:38,1
DA:39,0
DA:44,1
DA:45,2
DA:46,0
LF:15
LH:10
BRDA:23,0,0,0
BRDA:23,0,1,1
BRDA:28,1,0,0
BRDA:28,1,1,2
BRDA:34,2,0,0
BRDA:34,2,1,1
BRDA:38,3,0,0
BRDA:38,3,1,1
BRDA:45,4,0,0
BRDA:45,4,1,2
BRF:10
BRH:5
end_of_record
TN:
SF:src/backend/generator/YAMLSyntaxValidator.ts
FN:4,validateYamlSyntax
FNF:1
FNH:1
FNDA:1,validateYamlSyntax
DA:2,1
DA:4,1
DA:5,1
DA:6,1
DA:8,0
LF:5
LH:4
BRF:0
BRH:0
end_of_record
TN:
SF:src/backend/generator/getSchemaValidator.ts
FN:4,parseYaml
FN:14,validateGitHubSchema
FN:35,validateGitLabSchema
FN:47,(anonymous_4)
FN:76,getSchemaValidator
FN:81,(anonymous_6)
FN:89,(anonymous_7)
FNF:7
FNH:4
FNDA:1,parseYaml
FNDA:1,validateGitHubSchema
FNDA:0,validateGitLabSchema
FNDA:0,(anonymous_4)
FNDA:1,getSchemaValidator
FNDA:1,(anonymous_6)
FNDA:0,(anonymous_7)
DA:2,1
DA:5,1
DA:7,1
DA:8,0
DA:11,1
DA:15,1
DA:17,1
DA:18,0
DA:21,1
DA:22,0
DA:25,1
DA:26,1
DA:27,0
DA:30,1
DA:31,0
DA:36,0
DA:38,0
DA:39,0
DA:42,0
DA:43,0
DA:44,0
DA:47,0
DA:48,0
DA:49,0
DA:52,0
DA:53,0
DA:56,0
DA:58,0
DA:59,0
DA:62,0
DA:63,0
DA:66,0
DA:69,0
DA:70,0
DA:76,1
DA:79,1
DA:80,1
DA:82,1
DA:87,0
DA:88,0
DA:90,0
DA:95,0
LF:42
LH:14
BRDA:7,0,0,0
BRDA:7,0,1,1
BRDA:7,1,0,1
BRDA:7,1,1,1
BRDA:7,1,2,1
BRDA:17,2,0,0
BRDA:17,2,1,1
BRDA:21,3,0,0
BRDA:21,3,1,1
BRDA:26,4,0,0
BRDA:26,4,1,1
BRDA:26,5,0,1
BRDA:26,5,1,1
BRDA:26,5,2,1
BRDA:30,6,0,0
BRDA:30,6,1,1
BRDA:38,7,0,0
BRDA:38,7,1,0
BRDA:43,8,0,0
BRDA:43,8,1,0
BRDA:43,9,0,0
BRDA:43,9,1,0
BRDA:48,10,0,0
BRDA:48,10,1,0
BRDA:52,11,0,0
BRDA:52,11,1,0
BRDA:52,12,0,0
BRDA:52,12,1,0
BRDA:52,12,2,0
BRDA:58,13,0,0
BRDA:58,13,1,0
BRDA:62,14,0,0
BRDA:62,14,1,0
BRDA:69,15,0,0
BRDA:69,15,1,0
BRDA:79,16,0,1
BRDA:79,16,1,0
BRDA:87,17,0,0
BRDA:87,17,1,0
BRF:39
BRH:12
end_of_record
TN:
SF:src/backend/helpers/CommitTracker.ts
FN:9,(anonymous_0)
FN:25,(anonymous_1)
FN:31,(anonymous_2)
FNF:3
FNH:1
FNDA:2,(anonymous_0)
FNDA:0,(anonymous_1)
FNDA:0,(anonymous_2)
DA:1,2
DA:8,2
DA:10,2
DA:11,2
DA:12,2
DA:13,2
DA:15,2
DA:16,0
DA:19,2
DA:21,0
DA:26,0
DA:27,0
DA:32,0
DA:33,0
DA:34,0
DA:35,0
DA:37,0
LF:17
LH:8
BRDA:11,0,0,0
BRDA:11,0,1,2
BRDA:15,1,0,0
BRDA:15,1,1,2
BRDA:15,2,0,2
BRDA:15,2,1,2
BRDA:27,3,0,0
BRDA:27,3,1,0
BRDA:33,4,0,0
BRDA:33,4,1,0
BRF:10
BRH:4
end_of_record
TN:
SF:src/backend/helpers/RunId.ts
FN:3,generateRunId
FNF:1
FNH:1
FNDA:2,generateRunId
DA:3,2
DA:4,2
LF:2
LH:2
BRF:0
BRH:0
end_of_record
TN:
SF:src/backend/parser/JUnitXMLParser.ts
FN:8,parseDurationFromProperty
FN:40,suitePropertyMap
FN:59,packageFromClassName
FN:72,filePathFromClassName
FN:80,validateXMLStructure
FN:83,(anonymous_5)
FN:129,parseJUnitXMLFile
FN:256,parseJUnitXMLPath
FN:266,(anonymous_8)
FN:276,(anonymous_9)
FN:282,parseJUnitXML
FNF:11
FNH:8
FNDA:4,parseDurationFromProperty
FNDA:2,suitePropertyMap
FNDA:4,packageFromClassName
FNDA:4,filePathFromClassName
FNDA:2,validateXMLStructure
FNDA:0,(anonymous_5)
FNDA:2,parseJUnitXMLFile
FNDA:2,parseJUnitXMLPath
FNDA:0,(anonymous_8)
FNDA:2,(anonymous_9)
FNDA:0,parseJUnitXML
DA:1,2
DA:2,2
DA:3,2
DA:4,2
DA:13,4
DA:14,16
DA:15,16
DA:16,16
DA:19,0
DA:20,0
DA:21,0
DA:25,4
DA:26,12
DA:27,12
DA:28,12
DA:31,0
DA:32,0
DA:33,0
DA:37,4
DA:41,2
DA:42,2
DA:43,2
DA:46,0
DA:47,0
DA:49,0
DA:50,0
DA:51,0
DA:53,0
DA:56,0
DA:60,4
DA:61,0
DA:64,4
DA:65,4
DA:66,4
DA:69,0
DA:73,4
DA:74,0
DA:77,4
DA:81,2
DA:82,2
DA:84,0
DA:88,2
DA:91,2
DA:92,2
DA:96,0
DA:99,0
DA:104,2
DA:108,2
DA:109,2
DA:110,0
DA:114,2
DA:115,2
DA:122,0
DA:130,2
DA:133,2
DA:135,2
DA:141,2
DA:142,2
DA:144,0
DA:145,0
DA:150,2
DA:151,2
DA:152,0
DA:153,0
DA:157,0
DA:160,0
DA:163,2
DA:165,2
DA:166,2
DA:167,0
DA:170,2
DA:171,2
DA:185,2
DA:200,2
DA:204,2
DA:205,4
DA:207,4
DA:208,0
DA:209,4
DA:210,0
DA:214,4
DA:218,4
DA:223,4
DA:225,4
DA:229,4
DA:230,4
DA:231,4
DA:232,4
DA:233,4
DA:237,4
DA:253,2
DA:257,2
DA:260,2
DA:261,2
DA:265,0
DA:266,0
DA:267,0
DA:272,0
DA:275,2
DA:277,2
DA:282,2
DA:283,0
LF:102
LH:67
BRDA:15,0,0,16
BRDA:15,0,1,0
BRDA:20,1,0,0
BRDA:20,1,1,0
BRDA:27,2,0,12
BRDA:27,2,1,0
BRDA:32,3,0,0
BRDA:32,3,1,0
BRDA:42,4,0,2
BRDA:42,4,1,0
BRDA:46,5,0,0
BRDA:46,5,1,0
BRDA:50,6,0,0
BRDA:50,6,1,0
BRDA:53,7,0,0
BRDA:53,7,1,0
BRDA:60,8,0,0
BRDA:60,8,1,4
BRDA:65,9,0,4
BRDA:65,9,1,0
BRDA:73,10,0,0
BRDA:73,10,1,4
BRDA:92,11,0,0
BRDA:92,11,1,2
BRDA:93,12,0,2
BRDA:93,12,1,2
BRDA:93,12,2,0
BRDA:104,13,0,0
BRDA:104,13,1,2
BRDA:109,14,0,0
BRDA:109,14,1,2
BRDA:109,15,0,2
BRDA:109,15,1,2
BRDA:114,16,0,2
BRDA:114,16,1,0
BRDA:114,17,0,2
BRDA:114,17,1,2
BRDA:123,18,0,0
BRDA:123,18,1,0
BRDA:150,19,0,2
BRDA:150,19,1,0
BRDA:152,20,0,0
BRDA:152,20,1,0
BRDA:153,21,0,0
BRDA:153,21,1,0
BRDA:166,22,0,0
BRDA:166,22,1,2
BRDA:200,23,0,2
BRDA:200,23,1,0
BRDA:207,24,0,0
BRDA:207,24,1,4
BRDA:209,25,0,0
BRDA:209,25,1,4
BRDA:209,26,0,4
BRDA:209,26,1,4
BRDA:214,27,0,4
BRDA:214,27,1,0
BRDA:214,28,0,4
BRDA:214,28,1,4
BRDA:216,29,0,0
BRDA:216,29,1,0
BRDA:218,30,0,4
BRDA:218,30,1,0
BRDA:220,31,0,0
BRDA:220,31,1,0
BRDA:225,32,0,4
BRDA:225,32,1,4
BRDA:225,33,0,0
BRDA:225,33,1,4
BRDA:225,34,0,4
BRDA:225,34,1,0
BRDA:230,35,0,4
BRDA:230,35,1,0
BRDA:232,36,0,4
BRDA:232,36,1,0
BRDA:241,37,0,4
BRDA:241,37,1,0
BRDA:242,38,0,4
BRDA:242,38,1,0
BRDA:243,39,0,0
BRDA:243,39,1,4
BRDA:244,40,0,4
BRDA:244,40,1,0
BRDA:245,41,0,0
BRDA:245,41,1,4
BRDA:246,42,0,0
BRDA:246,42,1,4
BRDA:260,43,0,2
BRDA:260,43,1,0
BRDA:261,44,0,2
BRDA:261,44,1,0
BRDA:265,45,0,0
BRDA:265,45,1,0
BRF:93
BRH:41
end_of_record
TN:
SF:src/backend/profiler/core/EnvironmentCollector.ts
FN:7,(anonymous_1)
FN:15,(anonymous_2)
FNF:2
FNH:0
FNDA:0,(anonymous_1)
FNDA:0,(anonymous_2)
DA:1,0
DA:2,0
DA:4,0
DA:6,0
DA:8,0
DA:9,0
DA:11,0
DA:16,0
DA:18,0
LF:9
LH:0
BRDA:19,0,0,0
BRDA:19,0,1,0
BRDA:21,1,0,0
BRDA:21,1,1,0
BRDA:22,2,0,0
BRDA:22,2,1,0
BRDA:23,3,0,0
BRDA:23,3,1,0
BRDA:24,4,0,0
BRDA:24,4,1,0
BRDA:25,5,0,0
BRDA:25,5,1,0
BRDA:26,6,0,0
BRDA:26,6,1,0
BRDA:26,7,0,0
BRDA:26,7,1,0
BRF:16
BRH:0
end_of_record
TN:
SF:src/backend/profiler/core/HistoricalProfiler.ts
FN:29,(anonymous_0)
FN:33,(anonymous_1)
FN:39,(anonymous_2)
FN:43,(anonymous_3)
FN:47,(anonymous_4)
FN:62,(anonymous_5)
FN:72,(anonymous_6)
FN:77,(anonymous_7)
FN:85,(anonymous_8)
FN:91,(anonymous_9)
FN:108,(anonymous_10)
FN:120,(anonymous_11)
FN:126,(anonymous_12)
FN:132,(anonymous_13)
FN:133,(anonymous_14)
FN:134,(anonymous_15)
FN:136,(anonymous_16)
FN:138,(anonymous_17)
FN:141,(anonymous_18)
FN:154,(anonymous_19)
FN:158,(anonymous_20)
FN:161,(anonymous_21)
FN:164,(anonymous_22)
FN:165,(anonymous_23)
FNF:24
FNH:16
FNDA:33,(anonymous_0)
FNDA:0,(anonymous_1)
FNDA:0,(anonymous_2)
FNDA:5,(anonymous_3)
FNDA:5,(anonymous_4)
FNDA:5,(anonymous_5)
FNDA:3085856,(anonymous_6)
FNDA:2971556,(anonymous_7)
FNDA:3085856,(anonymous_8)
FNDA:526052,(anonymous_9)
FNDA:114300,(anonymous_10)
FNDA:0,(anonymous_11)
FNDA:5,(anonymous_12)
FNDA:67,(anonymous_13)
FNDA:67,(anonymous_14)
FNDA:3085856,(anonymous_15)
FNDA:3085856,(anonymous_16)
FNDA:3085856,(anonymous_17)
FNDA:67,(anonymous_18)
FNDA:0,(anonymous_19)
FNDA:0,(anonymous_20)
FNDA:0,(anonymous_21)
FNDA:0,(anonymous_22)
FNDA:0,(anonymous_23)
DA:1,2
DA:8,2
DA:24,2
DA:25,2
DA:26,2
DA:27,2
DA:30,33
DA:34,0
DA:35,0
DA:40,0
DA:44,5
DA:48,5
DA:50,5
DA:51,67
DA:52,3085856
DA:53,114300
DA:55,3085856
DA:59,5
DA:65,5
DA:67,5
DA:68,114300
DA:70,114300
DA:72,3085856
DA:73,114300
DA:75,114300
DA:77,2971556
DA:80,114294
DA:85,3085856
DA:86,114300
DA:87,114300
DA:88,114300
DA:89,114300
DA:90,114300
DA:91,526052
DA:93,114300
DA:108,114300
DA:109,5
DA:110,5
DA:112,5
DA:113,114300
DA:117,5
DA:121,0
DA:122,0
DA:123,0
DA:127,5
DA:128,0
DA:131,5
DA:132,67
DA:133,5
DA:134,3085856
DA:136,3085856
DA:138,3085856
DA:139,5
DA:140,5
DA:141,67
DA:143,5
DA:155,0
DA:159,0
DA:161,0
DA:162,0
DA:163,0
DA:164,0
DA:165,0
DA:166,0
DA:168,0
DA:169,0
DA:170,0
DA:171,0
DA:175,0
DA:176,0
DA:177,0
DA:178,0
DA:182,0
LF:73
LH:49
BRDA:52,0,0,114300
BRDA:52,0,1,2971556
BRDA:70,1,0,0
BRDA:70,1,1,114300
BRDA:75,2,0,114294
BRDA:75,2,1,6
BRDA:85,3,0,0
BRDA:85,3,1,114300
BRDA:87,4,0,0
BRDA:87,4,1,114300
BRDA:88,5,0,0
BRDA:88,5,1,114300
BRDA:89,6,0,15846
BRDA:89,6,1,98454
BRDA:109,7,0,5
BRDA:109,7,1,0
BRDA:127,8,0,0
BRDA:127,8,1,5
BRDA:136,9,0,0
BRDA:136,9,1,5
BRDA:138,10,0,0
BRDA:138,10,1,5
BRDA:158,11,0,0
BRDA:159,12,0,0
BRDA:159,12,1,0
BRDA:168,13,0,0
BRDA:168,13,1,0
BRDA:170,14,0,0
BRDA:170,14,1,0
BRDA:175,15,0,0
BRDA:175,15,1,0
BRDA:177,16,0,0
BRDA:177,16,1,0
BRF:33
BRH:14
end_of_record
TN:
SF:src/backend/profiler/core/Profiler.ts
FN:15,(anonymous_1)
FN:35,(anonymous_2)
FN:51,(anonymous_3)
FN:70,(anonymous_4)
FN:72,(anonymous_5)
FN:73,(anonymous_6)
FN:74,(anonymous_7)
FN:78,(anonymous_8)
FNF:8
FNH:8
FNDA:2,(anonymous_1)
FNDA:4,(anonymous_2)
FNDA:2,(anonymous_3)
FNDA:2,(anonymous_4)
FNDA:4,(anonymous_5)
FNDA:4,(anonymous_6)
FNDA:4,(anonymous_7)
FNDA:6,(anonymous_8)
DA:1,2
DA:2,2
DA:6,2
DA:12,2
DA:14,2
DA:16,2
DA:18,2
DA:20,2
DA:21,0
DA:26,2
DA:28,2
DA:29,0
DA:34,2
DA:35,4
DA:36,2
DA:37,2
DA:39,2
DA:41,2
DA:55,2
DA:71,2
DA:72,4
DA:73,4
DA:74,4
DA:85,6
DA:87,6
DA:88,12
DA:89,12
DA:90,6
DA:93,12
DA:94,12
DA:97,6
LF:31
LH:29
BRDA:20,0,0,0
BRDA:20,0,1,2
BRDA:28,1,0,0
BRDA:28,1,1,2
BRDA:36,2,0,0
BRDA:36,2,1,2
BRDA:56,3,0,2
BRDA:56,3,1,2
BRDA:59,4,0,2
BRDA:59,4,1,0
BRDA:61,5,0,2
BRDA:61,5,1,0
BRDA:64,6,0,2
BRDA:64,6,1,2
BRDA:88,7,0,12
BRDA:88,7,1,4
BRDA:89,8,0,6
BRDA:89,8,1,6
BRF:18
BRH:13
end_of_record
TN:
SF:src/backend/profiler/validation/MetadataValidator.ts
FN:9,(anonymous_0)
FN:35,(anonymous_1)
FNF:2
FNH:0
FNDA:0,(anonymous_0)
FNDA:0,(anonymous_1)
DA:8,0
DA:10,0
DA:11,0
DA:14,0
DA:15,0
DA:18,0
DA:19,0
DA:22,0
DA:23,0
DA:26,0
DA:27,0
DA:30,0
DA:31,0
DA:36,0
DA:38,0
DA:39,0
DA:42,0
DA:43,0
DA:46,0
DA:47,0
DA:50,0
DA:51,0
DA:54,0
LF:23
LH:0
BRDA:10,0,0,0
BRDA:10,0,1,0
BRDA:10,1,0,0
BRDA:10,1,1,0
BRDA:14,2,0,0
BRDA:14,2,1,0
BRDA:14,3,0,0
BRDA:14,3,1,0
BRDA:18,4,0,0
BRDA:18,4,1,0
BRDA:18,5,0,0
BRDA:18,5,1,0
BRDA:22,6,0,0
BRDA:22,6,1,0
BRDA:22,7,0,0
BRDA:22,7,1,0
BRDA:26,8,0,0
BRDA:26,8,1,0
BRDA:26,9,0,0
BRDA:26,9,1,0
BRDA:30,10,0,0
BRDA:30,10,1,0
BRDA:30,11,0,0
BRDA:30,11,1,0
BRDA:38,12,0,0
BRDA:38,12,1,0
BRDA:42,13,0,0
BRDA:42,13,1,0
BRDA:46,14,0,0
BRDA:46,14,1,0
BRDA:50,15,0,0
BRDA:50,15,1,0
BRF:32
BRH:0
end_of_record
TN:
SF:src/backend/profiler/validation/ProfilerValidator.ts
FN:5,validateResults
FN:17,flagZeroDurationTests
FN:18,(anonymous_2)
FN:22,detectOutlierTests
FN:23,(anonymous_4)
FN:24,(anonymous_5)
FN:24,(anonymous_6)
FN:27,validateCommitPresence
FNF:8
FNH:7
FNDA:2,validateResults
FNDA:2,flagZeroDurationTests
FNDA:4,(anonymous_2)
FNDA:2,detectOutlierTests
FNDA:4,(anonymous_4)
FNDA:4,(anonymous_5)
FNDA:0,(anonymous_6)
FNDA:2,validateCommitPresence
DA:3,2
DA:5,2
DA:6,2
DA:7,0
DA:10,2
DA:11,4
DA:12,0
DA:17,2
DA:18,4
DA:22,2
DA:23,4
DA:24,4
DA:27,2
DA:28,2
DA:29,0
LF:15
LH:12
BRDA:6,0,0,0
BRDA:6,0,1,2
BRDA:6,1,0,2
BRDA:6,1,1,2
BRDA:11,2,0,0
BRDA:11,2,1,4
BRDA:11,3,0,4
BRDA:11,3,1,4
BRDA:28,4,0,0
BRDA:28,4,1,2
BRF:10
BRH:7
end_of_record
TN:
SF:src/backend/storage/FileStore.ts
FN:18,(anonymous_9)
FN:23,(anonymous_10)
FN:28,(anonymous_11)
FN:32,(anonymous_12)
FN:37,(anonymous_13)
FN:39,(anonymous_14)
FN:52,(anonymous_15)
FN:54,(anonymous_16)
FN:67,(anonymous_17)
FN:71,(anonymous_18)
FN:81,(anonymous_19)
FN:85,(anonymous_20)
FN:103,(anonymous_21)
FN:111,(anonymous_22)
FN:138,(anonymous_23)
FN:153,(anonymous_24)
FN:160,(anonymous_25)
FN:175,(anonymous_26)
FNF:18
FNH:8
FNDA:2,(anonymous_9)
FNDA:2,(anonymous_10)
FNDA:2,(anonymous_11)
FNDA:2,(anonymous_12)
FNDA:0,(anonymous_13)
FNDA:0,(anonymous_14)
FNDA:0,(anonymous_15)
FNDA:0,(anonymous_16)
FNDA:1,(anonymous_17)
FNDA:1,(anonymous_18)
FNDA:1,(anonymous_19)
FNDA:0,(anonymous_20)
FNDA:0,(anonymous_21)
FNDA:0,(anonymous_22)
FNDA:0,(anonymous_23)
FNDA:0,(anonymous_24)
FNDA:0,(anonymous_25)
FNDA:2,(anonymous_26)
DA:1,2
DA:2,2
DA:3,2
DA:5,2
DA:8,2
DA:13,2
DA:14,2
DA:15,2
DA:17,2
DA:18,2
DA:19,2
DA:20,2
DA:24,2
DA:25,2
DA:29,2
DA:33,2
DA:38,0
DA:39,0
DA:40,0
DA:42,0
DA:43,0
DA:44,0
DA:45,0
DA:47,0
DA:48,0
DA:53,0
DA:54,0
DA:56,0
DA:57,0
DA:60,0
DA:62,0
DA:63,0
DA:68,1
DA:72,1
DA:78,1
DA:82,1
DA:86,0
DA:88,0
DA:89,0
DA:90,0
DA:92,0
DA:97,0
DA:99,0
DA:100,0
DA:104,0
DA:106,0
DA:107,0
DA:110,0
DA:111,0
DA:116,0
DA:118,0
DA:119,0
DA:121,0
DA:122,0
DA:123,0
DA:124,0
DA:125,0
DA:127,0
DA:128,0
DA:131,0
DA:135,0
DA:139,0
DA:141,0
DA:142,0
DA:145,0
DA:146,0
DA:147,0
DA:149,0
DA:154,0
DA:156,0
DA:157,0
DA:160,0
DA:162,0
DA:163,0
DA:166,0
DA:167,0
DA:168,0
DA:169,0
DA:171,0
DA:176,2
DA:178,2
DA:179,0
DA:182,2
DA:183,2
DA:185,2
DA:186,32
DA:187,0
DA:190,32
DA:192,32
DA:193,32
DA:194,32
DA:195,32
DA:197,32
DA:198,0
DA:201,32
DA:202,32
DA:204,32
DA:205,31
DA:208,0
DA:214,2
LF:100
LH:37
BRDA:18,0,0,1
BRDA:39,1,0,0
BRDA:39,1,1,0
BRDA:56,2,0,0
BRDA:56,2,1,0
BRDA:103,3,0,0
BRDA:106,4,0,0
BRDA:106,4,1,0
BRDA:122,5,0,0
BRDA:122,5,1,0
BRDA:141,6,0,0
BRDA:141,6,1,0
BRDA:156,7,0,0
BRDA:156,7,1,0
BRDA:162,8,0,0
BRDA:162,8,1,0
BRDA:169,9,0,0
BRDA:169,9,1,0
BRDA:178,10,0,0
BRDA:178,10,1,2
BRDA:186,11,0,0
BRDA:186,11,1,32
BRDA:195,12,0,32
BRDA:195,12,1,32
BRDA:197,13,0,0
BRDA:197,13,1,32
BRDA:204,14,0,31
BRDA:204,14,1,1
BRDA:204,15,0,32
BRDA:204,15,1,31
BRDA:204,15,2,31
BRF:31
BRH:11
end_of_record
TN:
SF:src/backend/storage/SchemaVersions.ts
FNF:0
FNH:0
DA:1,2
DA:2,2
LF:2
LH:2
BRF:0
BRH:0
end_of_record
TN:
SF:src/backend/storage/StoragePaths.ts
FN:6,profilesDir
FN:10,distributionsDir
FN:14,profilePath
FN:18,distributionPath
FN:22,historicalProfilePath
FNF:5
FNH:5
FNDA:6,profilesDir
FNDA:3,distributionsDir
FNDA:1,profilePath
FNDA:1,distributionPath
FNDA:1,historicalProfilePath
DA:1,2
DA:4,2
DA:6,2
DA:7,6
DA:10,2
DA:11,3
DA:14,2
DA:15,1
DA:18,2
DA:19,1
DA:22,2
DA:23,1
LF:12
LH:12
BRDA:6,0,0,0
BRDA:10,1,0,0
BRDA:22,2,0,0
BRF:3
BRH:0
end_of_record
TN:
SF:src/backend/utils/Terminal.ts
FN:1,renderBar
FNF:1
FNH:0
FNDA:0,renderBar
DA:1,0
DA:2,0
DA:3,0
DA:6,0
DA:7,0
DA:8,0
DA:10,0
LF:7
LH:0
BRDA:1,0,0,0
BRDA:2,1,0,0
BRDA:2,1,1,0
BRF:3
BRH:0
end_of_record
TN:
SF:src/backend/utils/cliColors.ts
FN:3,(anonymous_1)
FN:5,(anonymous_2)
FN:7,(anonymous_3)
FN:9,(anonymous_4)
FNF:4
FNH:0
FNDA:0,(anonymous_1)
FNDA:0,(anonymous_2)
FNDA:0,(anonymous_3)
FNDA:0,(anonymous_4)
DA:1,0
DA:3,0
DA:5,0
DA:7,0
DA:9,0
LF:5
LH:0
BRF:0
BRH:0
end_of_record
TN:
SF:src/backend/utils/stats.ts
FN:6,computeOutlierThreshold
FN:9,(anonymous_1)
FN:10,(anonymous_2)
FNF:3
FNH:3
FNDA:7,computeOutlierThreshold
FNDA:114304,(anonymous_1)
FNDA:114304,(anonymous_2)
DA:6,2
DA:7,7
DA:9,114304
DA:10,114304
DA:11,7
DA:13,7
DA:15,7
LF:7
LH:7
BRDA:7,0,0,0
BRDA:7,0,1,7
BRDA:13,1,0,0
BRDA:13,1,1,7
BRF:4
BRH:2
end_of_record
