TN:
SF:src/backend/algorithm/core/LPTScheduler.ts
FN:15,(anonymous_0)
FN:18,(anonymous_1)
FN:26,(anonymous_2)
FN:32,(anonymous_3)
FNF:4
FNH:0
FNDA:0,(anonymous_0)
FNDA:0,(anonymous_1)
FNDA:0,(anonymous_2)
FNDA:0,(anonymous_3)
DA:2,0
DA:4,0
DA:5,0
DA:13,0
DA:16,0
DA:18,0
DA:19,0
DA:21,0
DA:22,0
DA:25,0
DA:26,0
DA:27,0
DA:30,0
DA:32,0
DA:34,0
LF:15
LH:0
BRDA:26,0,0,0
BRDA:26,0,1,0
BRF:2
BRH:0
end_of_record
TN:
SF:src/backend/algorithm/core/MULTIFITScheduler.ts
FN:23,(anonymous_0)
FN:26,(anonymous_1)
FN:27,(anonymous_2)
FN:74,(anonymous_3)
FNF:4
FNH:0
FNDA:0,(anonymous_0)
FNDA:0,(anonymous_1)
FNDA:0,(anonymous_2)
FNDA:0,(anonymous_3)
DA:14,0
DA:16,0
DA:17,0
DA:19,0
DA:21,0
DA:24,0
DA:26,0
DA:27,0
DA:28,0
DA:31,0
DA:33,0
DA:35,0
DA:37,0
DA:38,0
DA:39,0
DA:41,0
DA:42,0
DA:43,0
DA:45,0
DA:53,0
DA:54,0
DA:57,0
DA:59,0
DA:75,0
DA:77,0
DA:78,0
DA:80,0
DA:81,0
DA:82,0
DA:83,0
DA:84,0
DA:88,0
DA:89,0
DA:90,0
DA:92,0
DA:93,0
DA:94,0
DA:99,0
DA:100,0
DA:103,0
LF:40
LH:0
BRDA:41,0,0,0
BRDA:41,0,1,0
BRDA:53,1,0,0
BRDA:53,1,1,0
BRDA:81,2,0,0
BRDA:81,2,1,0
BRDA:88,3,0,0
BRDA:88,3,1,0
BRDA:89,4,0,0
BRDA:89,4,1,0
BRF:10
BRH:0
end_of_record
TN:
SF:src/backend/algorithm/metrics/SchedulingMetrics.ts
FN:11,computeMetrics
FN:12,(anonymous_1)
FNF:2
FNH:0
FNDA:0,computeMetrics
FNDA:0,(anonymous_1)
DA:11,0
DA:12,0
DA:13,0
DA:14,0
DA:15,0
DA:17,0
LF:6
LH:0
BRDA:21,0,0,0
BRDA:21,0,1,0
BRDA:22,1,0,0
BRDA:22,1,1,0
BRF:4
BRH:0
end_of_record
TN:
SF:src/backend/algorithm/model/Job.ts
FN:8,(anonymous_0)
FN:12,(anonymous_1)
FNF:2
FNH:0
FNDA:0,(anonymous_0)
FNDA:0,(anonymous_1)
DA:3,0
DA:5,0
DA:6,0
DA:9,0
DA:13,0
DA:14,0
LF:6
LH:0
BRF:0
BRH:0
end_of_record
TN:
SF:src/backend/algorithm/validation/SchedulerValidator.ts
FN:6,validateInputs
FN:24,validateOutput
FNF:2
FNH:0
FNDA:0,validateInputs
FNDA:0,validateOutput
DA:6,0
DA:7,0
DA:8,0
DA:10,0
DA:11,0
DA:14,0
DA:15,0
DA:16,0
DA:18,0
DA:19,0
DA:24,0
DA:25,0
DA:27,0
DA:28,0
DA:29,0
DA:30,0
DA:32,0
DA:36,0
DA:37,0
LF:19
LH:0
BRDA:7,0,0,0
BRDA:7,0,1,0
BRDA:10,1,0,0
BRDA:10,1,1,0
BRDA:15,2,0,0
BRDA:15,2,1,0
BRDA:18,3,0,0
BRDA:18,3,1,0
BRDA:29,4,0,0
BRDA:29,4,1,0
BRDA:36,5,0,0
BRDA:36,5,1,0
BRF:12
BRH:0
end_of_record
TN:
SF:src/backend/api/server.ts
FN:6,buildApp
FN:17,(anonymous_2)
FN:23,(anonymous_3)
FN:41,(anonymous_4)
FN:42,(anonymous_5)
FN:51,(anonymous_6)
FN:65,(anonymous_7)
FN:67,(anonymous_8)
FN:69,(anonymous_9)
FN:81,(anonymous_10)
FN:89,(anonymous_11)
FN:92,(anonymous_12)
FN:99,(anonymous_13)
FN:106,(anonymous_14)
FN:121,start
FN:129,(anonymous_16)
FNF:16
FNH:13
FNDA:16,buildApp
FNDA:0,(anonymous_2)
FNDA:4,(anonymous_3)
FNDA:6,(anonymous_4)
FNDA:6,(anonymous_5)
FNDA:7,(anonymous_6)
FNDA:4,(anonymous_7)
FNDA:2,(anonymous_8)
FNDA:16,(anonymous_9)
FNDA:4,(anonymous_10)
FNDA:3,(anonymous_11)
FNDA:4,(anonymous_12)
FNDA:1,(anonymous_13)
FNDA:2,(anonymous_14)
FNDA:0,start
FNDA:0,(anonymous_16)
DA:1,1
DA:2,1
DA:3,1
DA:6,1
DA:7,16
DA:8,16
DA:9,16
DA:16,16
DA:17,0
DA:20,16
DA:23,16
DA:24,4
DA:25,4
DA:26,4
DA:27,4
DA:29,4
DA:30,1
DA:33,3
DA:37,3
DA:41,6
DA:42,6
DA:51,16
DA:52,7
DA:54,7
DA:55,1
DA:58,6
DA:59,6
DA:60,6
DA:62,6
DA:64,6
DA:65,4
DA:66,5
DA:67,2
DA:69,16
DA:72,6
DA:81,16
DA:82,4
DA:84,4
DA:85,1
DA:88,3
DA:89,3
DA:92,4
DA:99,16
DA:100,1
DA:101,1
DA:102,1
DA:104,1
DA:106,2
DA:118,16
DA:122,0
DA:123,0
DA:124,0
DA:125,0
DA:128,1
DA:129,0
DA:130,0
DA:131,0
LF:57
LH:49
BRDA:16,0,0,0
BRDA:16,0,1,16
BRDA:27,1,0,4
BRDA:27,1,1,1
BRDA:29,2,0,1
BRDA:29,2,1,3
BRDA:29,3,0,4
BRDA:29,3,1,2
BRDA:33,4,0,2
BRDA:33,4,1,1
BRDA:38,5,0,2
BRDA:38,5,1,1
BRDA:38,6,0,1
BRDA:38,6,1,0
BRDA:39,7,0,3
BRDA:39,7,1,1
BRDA:40,8,0,3
BRDA:40,8,1,1
BRDA:40,8,2,0
BRDA:43,9,0,3
BRDA:43,9,1,0
BRDA:44,10,0,2
BRDA:44,10,1,1
BRDA:44,11,0,3
BRDA:44,11,1,3
BRDA:45,12,0,3
BRDA:45,12,1,0
BRDA:46,13,0,3
BRDA:46,13,1,0
BRDA:54,14,0,1
BRDA:54,14,1,6
BRDA:58,15,0,4
BRDA:58,16,0,3
BRDA:58,17,0,5
BRDA:59,18,0,6
BRDA:59,18,1,1
BRDA:60,19,0,6
BRDA:60,19,1,5
BRDA:64,20,0,1
BRDA:64,20,1,5
BRDA:66,21,0,1
BRDA:66,21,1,4
BRDA:84,22,0,1
BRDA:84,22,1,3
BRDA:89,23,0,3
BRDA:89,23,1,1
BRDA:92,24,0,3
BRDA:92,24,1,0
BRDA:92,25,0,4
BRDA:92,25,1,1
BRDA:92,25,2,0
BRDA:94,26,0,3
BRDA:94,26,1,0
BRDA:100,27,0,1
BRDA:101,28,0,1
BRDA:101,28,1,0
BRDA:123,29,0,0
BRDA:123,29,1,0
BRDA:128,30,0,0
BRDA:128,30,1,1
BRF:60
BRH:47
end_of_record
TN:
SF:src/backend/cli/cli.ts
FN:28,findExistingCIFile
FN:37,(anonymous_11)
FN:50,findTestJobs
FN:76,(anonymous_13)
FN:85,extractTestCommands
FN:127,buildGitHubSplitJobs
FN:137,(anonymous_16)
FN:156,buildGitLabSplitJobs
FN:170,(anonymous_18)
FN:183,resolveJUnitPath
FN:191,(anonymous_20)
FN:220,(anonymous_21)
FN:288,(anonymous_22)
FN:295,(anonymous_23)
FN:324,(anonymous_24)
FN:358,(anonymous_25)
FN:361,(anonymous_26)
FN:392,(anonymous_27)
FN:435,(anonymous_28)
FN:504,(anonymous_29)
FN:506,(anonymous_30)
FN:599,(anonymous_31)
FN:616,(anonymous_32)
FN:647,deltaStr
FN:661,row
FN:769,(anonymous_35)
FN:781,(anonymous_36)
FN:839,(anonymous_37)
FN:852,(anonymous_38)
FN:888,(anonymous_39)
FN:903,(anonymous_40)
FNF:31
FNH:0
FNDA:0,findExistingCIFile
FNDA:0,(anonymous_11)
FNDA:0,findTestJobs
FNDA:0,(anonymous_13)
FNDA:0,extractTestCommands
FNDA:0,buildGitHubSplitJobs
FNDA:0,(anonymous_16)
FNDA:0,buildGitLabSplitJobs
FNDA:0,(anonymous_18)
FNDA:0,resolveJUnitPath
FNDA:0,(anonymous_20)
FNDA:0,(anonymous_21)
FNDA:0,(anonymous_22)
FNDA:0,(anonymous_23)
FNDA:0,(anonymous_24)
FNDA:0,(anonymous_25)
FNDA:0,(anonymous_26)
FNDA:0,(anonymous_27)
FNDA:0,(anonymous_28)
FNDA:0,(anonymous_29)
FNDA:0,(anonymous_30)
FNDA:0,(anonymous_31)
FNDA:0,(anonymous_32)
FNDA:0,deltaStr
FNDA:0,row
FNDA:0,(anonymous_35)
FNDA:0,(anonymous_36)
FNDA:0,(anonymous_37)
FNDA:0,(anonymous_38)
FNDA:0,(anonymous_39)
FNDA:0,(anonymous_40)
DA:3,0
DA:4,0
DA:5,0
DA:6,0
DA:7,0
DA:9,0
DA:10,0
DA:11,0
DA:13,0
DA:14,0
DA:15,0
DA:16,0
DA:17,0
DA:20,0
DA:21,0
DA:22,0
DA:23,0
DA:24,0
DA:25,0
DA:26,0
DA:28,0
DA:29,0
DA:30,0
DA:31,0
DA:32,0
DA:35,0
DA:37,0
DA:39,0
DA:42,0
DA:43,0
DA:44,0
DA:47,0
DA:50,0
DA:51,0
DA:52,0
DA:54,0
DA:55,0
DA:56,0
DA:57,0
DA:58,0
DA:59,0
DA:63,0
DA:64,0
DA:70,0
DA:71,0
DA:72,0
DA:73,0
DA:75,0
DA:76,0
DA:77,0
DA:82,0
DA:85,0
DA:90,0
DA:91,0
DA:93,0
DA:94,0
DA:95,0
DA:96,0
DA:98,0
DA:99,0
DA:103,0
DA:109,0
DA:110,0
DA:111,0
DA:112,0
DA:113,0
DA:115,0
DA:116,0
DA:117,0
DA:118,0
DA:124,0
DA:127,0
DA:132,0
DA:134,0
DA:135,0
DA:137,0
DA:138,0
DA:142,0
DA:147,0
DA:150,0
DA:153,0
DA:156,0
DA:161,0
DA:163,0
DA:164,0
DA:166,0
DA:170,0
DA:171,0
DA:172,0
DA:174,0
DA:177,0
DA:180,0
DA:184,0
DA:187,0
DA:192,0
DA:221,0
DA:222,0
DA:223,0
DA:224,0
DA:225,0
DA:226,0
DA:228,0
DA:229,0
DA:230,0
DA:233,0
DA:234,0
DA:239,0
DA:242,0
DA:243,0
DA:246,0
DA:249,0
DA:250,0
DA:251,0
DA:258,0
DA:260,0
DA:261,0
DA:262,0
DA:272,0
DA:275,0
DA:280,0
DA:281,0
DA:284,0
DA:287,0
DA:288,0
DA:290,0
DA:293,0
DA:296,0
DA:299,0
DA:301,0
DA:303,0
DA:304,0
DA:306,0
DA:307,0
DA:309,0
DA:310,0
DA:312,0
DA:316,0
DA:317,0
DA:318,0
DA:319,0
DA:324,0
DA:325,0
DA:328,0
DA:329,0
DA:331,0
DA:335,0
DA:336,0
DA:337,0
DA:338,0
DA:339,0
DA:340,0
DA:342,0
DA:343,0
DA:344,0
DA:345,0
DA:346,0
DA:348,0
DA:349,0
DA:350,0
DA:351,0
DA:352,0
DA:353,0
DA:355,0
DA:356,0
DA:358,0
DA:359,0
DA:361,0
DA:362,0
DA:363,0
DA:364,0
DA:365,0
DA:366,0
DA:370,0
DA:372,0
DA:373,0
DA:374,0
DA:375,0
DA:380,0
DA:381,0
DA:382,0
DA:383,0
DA:386,0
DA:393,0
DA:436,0
DA:437,0
DA:438,0
DA:439,0
DA:440,0
DA:441,0
DA:443,0
DA:444,0
DA:449,0
DA:451,0
DA:452,0
DA:453,0
DA:454,0
DA:455,0
DA:457,0
DA:459,0
DA:461,0
DA:462,0
DA:463,0
DA:466,0
DA:467,0
DA:470,0
DA:473,0
DA:474,0
DA:477,0
DA:481,0
DA:482,0
DA:485,0
DA:488,0
DA:489,0
DA:490,0
DA:494,0
DA:495,0
DA:496,0
DA:504,0
DA:506,0
DA:509,0
DA:510,0
DA:511,0
DA:513,0
DA:522,0
DA:523,0
DA:524,0
DA:525,0
DA:528,0
DA:529,0
DA:531,0
DA:532,0
DA:533,0
DA:534,0
DA:535,0
DA:538,0
DA:539,0
DA:540,0
DA:542,0
DA:546,0
DA:548,0
DA:549,0
DA:550,0
DA:551,0
DA:554,0
DA:555,0
DA:556,0
DA:558,0
DA:559,0
DA:561,0
DA:562,0
DA:563,0
DA:564,0
DA:565,0
DA:567,0
DA:569,0
DA:570,0
DA:571,0
DA:572,0
DA:574,0
DA:577,0
DA:578,0
DA:580,0
DA:581,0
DA:584,0
DA:586,0
DA:587,0
DA:589,0
DA:592,0
DA:600,0
DA:617,0
DA:618,0
DA:619,0
DA:621,0
DA:622,0
DA:624,0
DA:625,0
DA:630,0
DA:633,0
DA:634,0
DA:637,0
DA:641,0
DA:642,0
DA:643,0
DA:644,0
DA:645,0
DA:653,0
DA:654,0
DA:655,0
DA:656,0
DA:657,0
DA:658,0
DA:667,0
DA:675,0
DA:676,0
DA:677,0
DA:683,0
DA:685,0
DA:691,0
DA:692,0
DA:693,0
DA:699,0
DA:701,0
DA:707,0
DA:713,0
DA:719,0
DA:725,0
DA:732,0
DA:734,0
DA:735,0
DA:740,0
DA:741,0
DA:743,0
DA:744,0
DA:746,0
DA:748,0
DA:749,0
DA:751,0
DA:755,0
DA:758,0
DA:763,0
DA:770,0
DA:782,0
DA:783,0
DA:785,0
DA:786,0
DA:789,0
DA:792,0
DA:793,0
DA:794,0
DA:799,0
DA:801,0
DA:802,0
DA:805,0
DA:808,0
DA:809,0
DA:810,0
DA:811,0
DA:813,0
DA:815,0
DA:817,0
DA:818,0
DA:819,0
DA:820,0
DA:821,0
DA:822,0
DA:823,0
DA:824,0
DA:827,0
DA:828,0
DA:831,0
DA:832,0
DA:833,0
DA:840,0
DA:853,0
DA:854,0
DA:856,0
DA:857,0
DA:858,0
DA:861,0
DA:864,0
DA:865,0
DA:867,0
DA:868,0
DA:869,0
DA:872,0
DA:874,0
DA:875,0
DA:876,0
DA:877,0
DA:878,0
DA:879,0
DA:880,0
DA:884,0
DA:885,0
DA:886,0
DA:887,0
DA:888,0
DA:890,0
DA:891,0
DA:892,0
DA:893,0
DA:897,0
DA:898,0
DA:903,0
DA:904,0
DA:907,0
LF:386
LH:0
BRDA:29,0,0,0
BRDA:29,0,1,0
BRDA:31,1,0,0
BRDA:31,1,1,0
BRDA:37,2,0,0
BRDA:37,2,1,0
BRDA:39,3,0,0
BRDA:39,3,1,0
BRDA:42,4,0,0
BRDA:42,4,1,0
BRDA:44,5,0,0
BRDA:44,5,1,0
BRDA:52,6,0,0
BRDA:52,6,1,0
BRDA:54,7,0,0
BRDA:54,7,1,0
BRDA:55,8,0,0
BRDA:55,8,1,0
BRDA:57,9,0,0
BRDA:57,9,1,0
BRDA:59,10,0,0
BRDA:59,10,1,0
BRDA:60,11,0,0
BRDA:60,11,1,0
BRDA:70,12,0,0
BRDA:70,12,1,0
BRDA:73,13,0,0
BRDA:73,13,1,0
BRDA:75,14,0,0
BRDA:75,14,1,0
BRDA:76,15,0,0
BRDA:76,15,1,0
BRDA:91,16,0,0
BRDA:91,16,1,0
BRDA:93,17,0,0
BRDA:93,17,1,0
BRDA:96,18,0,0
BRDA:96,18,1,0
BRDA:99,19,0,0
BRDA:99,19,1,0
BRDA:100,20,0,0
BRDA:100,20,1,0
BRDA:109,21,0,0
BRDA:109,21,1,0
BRDA:113,22,0,0
BRDA:113,22,1,0
BRDA:115,23,0,0
BRDA:115,23,1,0
BRDA:117,24,0,0
BRDA:117,24,1,0
BRDA:138,25,0,0
BRDA:138,25,1,0
BRDA:139,26,0,0
BRDA:139,26,1,0
BRDA:166,27,0,0
BRDA:166,27,1,0
BRDA:171,28,0,0
BRDA:171,28,1,0
BRDA:228,29,0,0
BRDA:228,29,1,0
BRDA:228,30,0,0
BRDA:228,30,1,0
BRDA:233,31,0,0
BRDA:233,31,1,0
BRDA:242,32,0,0
BRDA:242,32,1,0
BRDA:264,33,0,0
BRDA:264,33,1,0
BRDA:280,34,0,0
BRDA:280,34,1,0
BRDA:293,35,0,0
BRDA:293,35,1,0
BRDA:296,36,0,0
BRDA:296,36,1,0
BRDA:299,37,0,0
BRDA:299,37,1,0
BRDA:303,38,0,0
BRDA:303,38,1,0
BRDA:306,39,0,0
BRDA:306,39,1,0
BRDA:309,40,0,0
BRDA:309,40,1,0
BRDA:316,41,0,0
BRDA:316,41,1,0
BRDA:328,42,0,0
BRDA:328,42,1,0
BRDA:364,43,0,0
BRDA:364,43,1,0
BRDA:372,44,0,0
BRDA:372,44,1,0
BRDA:380,45,0,0
BRDA:380,45,1,0
BRDA:380,46,0,0
BRDA:380,46,1,0
BRDA:443,47,0,0
BRDA:443,47,1,0
BRDA:453,48,0,0
BRDA:453,48,1,0
BRDA:457,49,0,0
BRDA:457,49,1,0
BRDA:461,50,0,0
BRDA:461,50,1,0
BRDA:461,51,0,0
BRDA:461,51,1,0
BRDA:466,52,0,0
BRDA:466,52,1,0
BRDA:473,53,0,0
BRDA:473,53,1,0
BRDA:473,54,0,0
BRDA:473,54,1,0
BRDA:481,55,0,0
BRDA:481,55,1,0
BRDA:488,56,0,0
BRDA:488,56,1,0
BRDA:488,57,0,0
BRDA:488,57,1,0
BRDA:513,58,0,0
BRDA:513,58,1,0
BRDA:513,59,0,0
BRDA:513,59,1,0
BRDA:515,60,0,0
BRDA:515,60,1,0
BRDA:516,61,0,0
BRDA:516,61,1,0
BRDA:522,62,0,0
BRDA:522,62,1,0
BRDA:524,63,0,0
BRDA:524,63,1,0
BRDA:529,64,0,0
BRDA:529,64,1,0
BRDA:531,65,0,0
BRDA:531,65,1,0
BRDA:534,66,0,0
BRDA:534,66,1,0
BRDA:543,67,0,0
BRDA:543,67,1,0
BRDA:550,68,0,0
BRDA:550,68,1,0
BRDA:561,69,0,0
BRDA:561,69,1,0
BRDA:562,70,0,0
BRDA:562,70,1,0
BRDA:564,71,0,0
BRDA:564,71,1,0
BRDA:569,72,0,0
BRDA:569,72,1,0
BRDA:571,73,0,0
BRDA:571,73,1,0
BRDA:577,74,0,0
BRDA:577,74,1,0
BRDA:586,75,0,0
BRDA:586,75,1,0
BRDA:624,76,0,0
BRDA:624,76,1,0
BRDA:633,77,0,0
BRDA:633,77,1,0
BRDA:654,78,0,0
BRDA:654,78,1,0
BRDA:656,79,0,0
BRDA:656,79,1,0
BRDA:657,80,0,0
BRDA:657,80,1,0
BRDA:658,81,0,0
BRDA:658,81,1,0
BRDA:691,82,0,0
BRDA:691,82,1,0
BRDA:692,83,0,0
BRDA:692,83,1,0
BRDA:743,84,0,0
BRDA:743,84,1,0
BRDA:748,85,0,0
BRDA:748,85,1,0
BRDA:751,86,0,0
BRDA:751,86,1,0
BRDA:755,87,0,0
BRDA:755,87,1,0
BRDA:785,88,0,0
BRDA:785,88,1,0
BRDA:801,89,0,0
BRDA:801,89,1,0
BRDA:810,90,0,0
BRDA:810,90,1,0
BRDA:813,91,0,0
BRDA:813,91,1,0
BRDA:856,92,0,0
BRDA:856,92,1,0
BRDA:868,93,0,0
BRDA:868,93,1,0
BRDA:874,94,0,0
BRDA:874,94,1,0
BRDA:875,95,0,0
BRDA:875,95,1,0
BRDA:876,96,0,0
BRDA:876,96,1,0
BRDA:876,97,0,0
BRDA:876,97,1,0
BRDA:878,98,0,0
BRDA:878,98,1,0
BRDA:879,99,0,0
BRDA:879,99,1,0
BRDA:879,100,0,0
BRDA:879,100,1,0
BRDA:884,101,0,0
BRDA:884,101,1,0
BRDA:885,102,0,0
BRDA:885,102,1,0
BRDA:885,103,0,0
BRDA:885,103,1,0
BRDA:890,104,0,0
BRDA:890,104,1,0
BRDA:892,105,0,0
BRDA:892,105,1,0
BRDA:892,106,0,0
BRDA:892,106,1,0
BRDA:897,107,0,0
BRDA:897,107,1,0
BRDA:900,108,0,0
BRDA:900,108,1,0
BRDA:909,109,0,0
BRDA:909,109,1,0
BRF:220
BRH:0
end_of_record
TN:
SF:src/backend/core/TestSplitEngine.ts
FN:17,(anonymous_0)
FN:22,(anonymous_1)
FN:35,(anonymous_2)
FNF:3
FNH:0
FNDA:0,(anonymous_0)
FNDA:0,(anonymous_1)
FNDA:0,(anonymous_2)
DA:1,0
DA:3,0
DA:4,0
DA:5,0
DA:7,0
DA:8,0
DA:12,0
DA:13,0
DA:18,0
DA:19,0
DA:23,0
DA:25,0
DA:26,0
DA:29,0
DA:30,0
DA:31,0
DA:33,0
DA:35,0
DA:36,0
DA:37,0
DA:38,0
DA:41,0
DA:42,0
DA:43,0
DA:45,0
DA:46,0
DA:47,0
DA:48,0
DA:51,0
LF:29
LH:0
BRDA:17,0,0,0
BRDA:22,1,0,0
BRDA:22,2,0,0
BRDA:37,3,0,0
BRDA:37,3,1,0
BRDA:41,4,0,0
BRDA:41,4,1,0
BRDA:45,5,0,0
BRDA:45,5,1,0
BRF:9
BRH:0
end_of_record
TN:
SF:src/backend/generator/GitHubActionsGenerator.ts
FN:11,renderGitHubJob
FN:20,generateGitHubActionsConfig
FN:27,(anonymous_2)
FNF:3
FNH:0
FNDA:0,renderGitHubJob
FNDA:0,generateGitHubActionsConfig
FNDA:0,(anonymous_2)
DA:2,0
DA:3,0
DA:4,0
DA:12,0
DA:20,0
DA:25,0
DA:27,0
DA:29,0
DA:33,0
DA:40,0
DA:42,0
DA:43,0
DA:45,0
LF:13
LH:0
BRDA:22,0,0,0
BRDA:29,1,0,0
BRDA:29,1,1,0
BRDA:30,2,0,0
BRDA:30,2,1,0
BRF:5
BRH:0
end_of_record
TN:
SF:src/backend/generator/GitLabCIGenerator.ts
FN:7,renderGitLabJob
FN:15,generateGitLabCIConfig
FN:22,(anonymous_2)
FNF:3
FNH:0
FNDA:0,renderGitLabJob
FNDA:0,generateGitLabCIConfig
FNDA:0,(anonymous_2)
DA:2,0
DA:4,0
DA:5,0
DA:8,0
DA:15,0
DA:20,0
DA:22,0
DA:24,0
DA:28,0
DA:33,0
DA:36,0
DA:37,0
DA:39,0
LF:13
LH:0
BRDA:17,0,0,0
BRDA:24,1,0,0
BRDA:24,1,1,0
BRDA:25,2,0,0
BRDA:25,2,1,0
BRF:5
BRH:0
end_of_record
TN:
SF:src/backend/generator/JobGroupValidator.ts
FN:19,validateJobGroups
FNF:1
FNH:0
FNDA:0,validateJobGroups
DA:8,0
DA:19,0
DA:23,0
DA:24,0
DA:27,0
DA:28,0
DA:29,0
DA:33,0
DA:34,0
DA:35,0
DA:38,0
DA:39,0
DA:44,0
DA:45,0
DA:46,0
LF:15
LH:0
BRDA:23,0,0,0
BRDA:23,0,1,0
BRDA:28,1,0,0
BRDA:28,1,1,0
BRDA:34,2,0,0
BRDA:34,2,1,0
BRDA:38,3,0,0
BRDA:38,3,1,0
BRDA:45,4,0,0
BRDA:45,4,1,0
BRF:10
BRH:0
end_of_record
TN:
SF:src/backend/generator/YAMLSyntaxValidator.ts
FN:4,validateYamlSyntax
FNF:1
FNH:0
FNDA:0,validateYamlSyntax
DA:2,0
DA:4,0
DA:5,0
DA:6,0
DA:8,0
LF:5
LH:0
BRF:0
BRH:0
end_of_record
TN:
SF:src/backend/generator/getSchemaValidator.ts
FN:4,parseYaml
FN:14,validateGitHubSchema
FN:35,validateGitLabSchema
FN:47,(anonymous_4)
FN:76,getSchemaValidator
FN:81,(anonymous_6)
FN:89,(anonymous_7)
FNF:7
FNH:0
FNDA:0,parseYaml
FNDA:0,validateGitHubSchema
FNDA:0,validateGitLabSchema
FNDA:0,(anonymous_4)
FNDA:0,getSchemaValidator
FNDA:0,(anonymous_6)
FNDA:0,(anonymous_7)
DA:2,0
DA:5,0
DA:7,0
DA:8,0
DA:11,0
DA:15,0
DA:17,0
DA:18,0
DA:21,0
DA:22,0
DA:25,0
DA:26,0
DA:27,0
DA:30,0
DA:31,0
DA:36,0
DA:38,0
DA:39,0
DA:42,0
DA:43,0
DA:44,0
DA:47,0
DA:48,0
DA:49,0
DA:52,0
DA:53,0
DA:56,0
DA:58,0
DA:59,0
DA:62,0
DA:63,0
DA:66,0
DA:69,0
DA:70,0
DA:76,0
DA:79,0
DA:80,0
DA:82,0
DA:87,0
DA:88,0
DA:90,0
DA:95,0
LF:42
LH:0
BRDA:7,0,0,0
BRDA:7,0,1,0
BRDA:7,1,0,0
BRDA:7,1,1,0
BRDA:7,1,2,0
BRDA:17,2,0,0
BRDA:17,2,1,0
BRDA:21,3,0,0
BRDA:21,3,1,0
BRDA:26,4,0,0
BRDA:26,4,1,0
BRDA:26,5,0,0
BRDA:26,5,1,0
BRDA:26,5,2,0
BRDA:30,6,0,0
BRDA:30,6,1,0
BRDA:38,7,0,0
BRDA:38,7,1,0
BRDA:43,8,0,0
BRDA:43,8,1,0
BRDA:43,9,0,0
BRDA:43,9,1,0
BRDA:48,10,0,0
BRDA:48,10,1,0
BRDA:52,11,0,0
BRDA:52,11,1,0
BRDA:52,12,0,0
BRDA:52,12,1,0
BRDA:52,12,2,0
BRDA:58,13,0,0
BRDA:58,13,1,0
BRDA:62,14,0,0
BRDA:62,14,1,0
BRDA:69,15,0,0
BRDA:69,15,1,0
BRDA:79,16,0,0
BRDA:79,16,1,0
BRDA:87,17,0,0
BRDA:87,17,1,0
BRF:39
BRH:0
end_of_record
TN:
SF:src/backend/helpers/CommitTracker.ts
FN:9,(anonymous_0)
FN:25,(anonymous_1)
FN:31,(anonymous_2)
FNF:3
FNH:0
FNDA:0,(anonymous_0)
FNDA:0,(anonymous_1)
FNDA:0,(anonymous_2)
DA:1,0
DA:8,0
DA:10,0
DA:11,0
DA:12,0
DA:13,0
DA:15,0
DA:16,0
DA:19,0
DA:21,0
DA:26,0
DA:27,0
DA:32,0
DA:33,0
DA:34,0
DA:35,0
DA:37,0
LF:17
LH:0
BRDA:11,0,0,0
BRDA:11,0,1,0
BRDA:15,1,0,0
BRDA:15,1,1,0
BRDA:15,2,0,0
BRDA:15,2,1,0
BRDA:27,3,0,0
BRDA:27,3,1,0
BRDA:33,4,0,0
BRDA:33,4,1,0
BRF:10
BRH:0
end_of_record
TN:
SF:src/backend/helpers/RunId.ts
FN:3,generateRunId
FNF:1
FNH:0
FNDA:0,generateRunId
DA:3,0
DA:4,0
LF:2
LH:0
BRF:0
BRH:0
end_of_record
TN:
SF:src/backend/parser/JUnitXMLParser.ts
FN:8,parseDurationFromProperty
FN:40,suitePropertyMap
FN:59,packageFromClassName
FN:72,filePathFromClassName
FN:80,validateXMLStructure
FN:83,(anonymous_5)
FN:129,parseJUnitXMLFile
FN:256,parseJUnitXMLPath
FN:266,(anonymous_8)
FN:276,(anonymous_9)
FN:282,parseJUnitXML
FNF:11
FNH:0
FNDA:0,parseDurationFromProperty
FNDA:0,suitePropertyMap
FNDA:0,packageFromClassName
FNDA:0,filePathFromClassName
FNDA:0,validateXMLStructure
FNDA:0,(anonymous_5)
FNDA:0,parseJUnitXMLFile
FNDA:0,parseJUnitXMLPath
FNDA:0,(anonymous_8)
FNDA:0,(anonymous_9)
FNDA:0,parseJUnitXML
DA:1,0
DA:2,0
DA:3,0
DA:4,0
DA:13,0
DA:14,0
DA:15,0
DA:16,0
DA:19,0
DA:20,0
DA:21,0
DA:25,0
DA:26,0
DA:27,0
DA:28,0
DA:31,0
DA:32,0
DA:33,0
DA:37,0
DA:41,0
DA:42,0
DA:43,0
DA:46,0
DA:47,0
DA:49,0
DA:50,0
DA:51,0
DA:53,0
DA:56,0
DA:60,0
DA:61,0
DA:64,0
DA:65,0
DA:66,0
DA:69,0
DA:73,0
DA:74,0
DA:77,0
DA:81,0
DA:82,0
DA:84,0
DA:88,0
DA:91,0
DA:92,0
DA:96,0
DA:99,0
DA:104,0
DA:108,0
DA:109,0
DA:110,0
DA:114,0
DA:115,0
DA:122,0
DA:130,0
DA:133,0
DA:135,0
DA:141,0
DA:142,0
DA:144,0
DA:145,0
DA:150,0
DA:151,0
DA:152,0
DA:153,0
DA:157,0
DA:160,0
DA:163,0
DA:165,0
DA:166,0
DA:167,0
DA:170,0
DA:171,0
DA:185,0
DA:200,0
DA:204,0
DA:205,0
DA:207,0
DA:208,0
DA:209,0
DA:210,0
DA:214,0
DA:218,0
DA:223,0
DA:225,0
DA:229,0
DA:230,0
DA:231,0
DA:232,0
DA:233,0
DA:237,0
DA:253,0
DA:257,0
DA:260,0
DA:261,0
DA:265,0
DA:266,0
DA:267,0
DA:272,0
DA:275,0
DA:277,0
DA:282,0
DA:283,0
LF:102
LH:0
BRDA:15,0,0,0
BRDA:15,0,1,0
BRDA:20,1,0,0
BRDA:20,1,1,0
BRDA:27,2,0,0
BRDA:27,2,1,0
BRDA:32,3,0,0
BRDA:32,3,1,0
BRDA:42,4,0,0
BRDA:42,4,1,0
BRDA:46,5,0,0
BRDA:46,5,1,0
BRDA:50,6,0,0
BRDA:50,6,1,0
BRDA:53,7,0,0
BRDA:53,7,1,0
BRDA:60,8,0,0
BRDA:60,8,1,0
BRDA:65,9,0,0
BRDA:65,9,1,0
BRDA:73,10,0,0
BRDA:73,10,1,0
BRDA:92,11,0,0
BRDA:92,11,1,0
BRDA:93,12,0,0
BRDA:93,12,1,0
BRDA:93,12,2,0
BRDA:104,13,0,0
BRDA:104,13,1,0
BRDA:109,14,0,0
BRDA:109,14,1,0
BRDA:109,15,0,0
BRDA:109,15,1,0
BRDA:114,16,0,0
BRDA:114,16,1,0
BRDA:114,17,0,0
BRDA:114,17,1,0
BRDA:123,18,0,0
BRDA:123,18,1,0
BRDA:150,19,0,0
BRDA:150,19,1,0
BRDA:152,20,0,0
BRDA:152,20,1,0
BRDA:153,21,0,0
BRDA:153,21,1,0
BRDA:166,22,0,0
BRDA:166,22,1,0
BRDA:200,23,0,0
BRDA:200,23,1,0
BRDA:207,24,0,0
BRDA:207,24,1,0
BRDA:209,25,0,0
BRDA:209,25,1,0
BRDA:209,26,0,0
BRDA:209,26,1,0
BRDA:214,27,0,0
BRDA:214,27,1,0
BRDA:214,28,0,0
BRDA:214,28,1,0
BRDA:216,29,0,0
BRDA:216,29,1,0
BRDA:218,30,0,0
BRDA:218,30,1,0
BRDA:220,31,0,0
BRDA:220,31,1,0
BRDA:225,32,0,0
BRDA:225,32,1,0
BRDA:225,33,0,0
BRDA:225,33,1,0
BRDA:225,34,0,0
BRDA:225,34,1,0
BRDA:230,35,0,0
BRDA:230,35,1,0
BRDA:232,36,0,0
BRDA:232,36,1,0
BRDA:241,37,0,0
BRDA:241,37,1,0
BRDA:242,38,0,0
BRDA:242,38,1,0
BRDA:243,39,0,0
BRDA:243,39,1,0
BRDA:244,40,0,0
BRDA:244,40,1,0
BRDA:245,41,0,0
BRDA:245,41,1,0
BRDA:246,42,0,0
BRDA:246,42,1,0
BRDA:260,43,0,0
BRDA:260,43,1,0
BRDA:261,44,0,0
BRDA:261,44,1,0
BRDA:265,45,0,0
BRDA:265,45,1,0
BRF:93
BRH:0
end_of_record
TN:
SF:src/backend/profiler/core/EnvironmentCollector.ts
FN:7,(anonymous_1)
FN:15,(anonymous_2)
FNF:2
FNH:0
FNDA:0,(anonymous_1)
FNDA:0,(anonymous_2)
DA:1,0
DA:2,0
DA:4,0
DA:6,0
DA:8,0
DA:9,0
DA:11,0
DA:16,0
DA:18,0
LF:9
LH:0
BRDA:19,0,0,0
BRDA:19,0,1,0
BRDA:21,1,0,0
BRDA:21,1,1,0
BRDA:22,2,0,0
BRDA:22,2,1,0
BRDA:23,3,0,0
BRDA:23,3,1,0
BRDA:24,4,0,0
BRDA:24,4,1,0
BRDA:25,5,0,0
BRDA:25,5,1,0
BRDA:26,6,0,0
BRDA:26,6,1,0
BRDA:26,7,0,0
BRDA:26,7,1,0
BRF:16
BRH:0
end_of_record
TN:
SF:src/backend/profiler/core/HistoricalProfiler.ts
FN:29,(anonymous_0)
FN:33,(anonymous_1)
FN:39,(anonymous_2)
FN:43,(anonymous_3)
FN:47,(anonymous_4)
FN:62,(anonymous_5)
FN:72,(anonymous_6)
FN:77,(anonymous_7)
FN:85,(anonymous_8)
FN:91,(anonymous_9)
FN:108,(anonymous_10)
FN:120,(anonymous_11)
FN:126,(anonymous_12)
FN:132,(anonymous_13)
FN:133,(anonymous_14)
FN:134,(anonymous_15)
FN:136,(anonymous_16)
FN:138,(anonymous_17)
FN:141,(anonymous_18)
FN:154,(anonymous_19)
FN:158,(anonymous_20)
FN:161,(anonymous_21)
FN:164,(anonymous_22)
FN:165,(anonymous_23)
FNF:24
FNH:0
FNDA:0,(anonymous_0)
FNDA:0,(anonymous_1)
FNDA:0,(anonymous_2)
FNDA:0,(anonymous_3)
FNDA:0,(anonymous_4)
FNDA:0,(anonymous_5)
FNDA:0,(anonymous_6)
FNDA:0,(anonymous_7)
FNDA:0,(anonymous_8)
FNDA:0,(anonymous_9)
FNDA:0,(anonymous_10)
FNDA:0,(anonymous_11)
FNDA:0,(anonymous_12)
FNDA:0,(anonymous_13)
FNDA:0,(anonymous_14)
FNDA:0,(anonymous_15)
FNDA:0,(anonymous_16)
FNDA:0,(anonymous_17)
FNDA:0,(anonymous_18)
FNDA:0,(anonymous_19)
FNDA:0,(anonymous_20)
FNDA:0,(anonymous_21)
FNDA:0,(anonymous_22)
FNDA:0,(anonymous_23)
DA:1,0
DA:8,0
DA:24,0
DA:25,0
DA:26,0
DA:27,0
DA:30,0
DA:34,0
DA:35,0
DA:40,0
DA:44,0
DA:48,0
DA:50,0
DA:51,0
DA:52,0
DA:53,0
DA:55,0
DA:59,0
DA:65,0
DA:67,0
DA:68,0
DA:70,0
DA:72,0
DA:73,0
DA:75,0
DA:77,0
DA:80,0
DA:85,0
DA:86,0
DA:87,0
DA:88,0
DA:89,0
DA:90,0
DA:91,0
DA:93,0
DA:108,0
DA:109,0
DA:110,0
DA:112,0
DA:113,0
DA:117,0
DA:121,0
DA:122,0
DA:123,0
DA:127,0
DA:128,0
DA:131,0
DA:132,0
DA:133,0
DA:134,0
DA:136,0
DA:138,0
DA:139,0
DA:140,0
DA:141,0
DA:143,0
DA:155,0
DA:159,0
DA:161,0
DA:162,0
DA:163,0
DA:164,0
DA:165,0
DA:166,0
DA:168,0
DA:169,0
DA:170,0
DA:171,0
DA:175,0
DA:176,0
DA:177,0
DA:178,0
DA:182,0
LF:73
LH:0
BRDA:52,0,0,0
BRDA:52,0,1,0
BRDA:70,1,0,0
BRDA:70,1,1,0
BRDA:75,2,0,0
BRDA:75,2,1,0
BRDA:85,3,0,0
BRDA:85,3,1,0
BRDA:87,4,0,0
BRDA:87,4,1,0
BRDA:88,5,0,0
BRDA:88,5,1,0
BRDA:89,6,0,0
BRDA:89,6,1,0
BRDA:109,7,0,0
BRDA:109,7,1,0
BRDA:127,8,0,0
BRDA:127,8,1,0
BRDA:136,9,0,0
BRDA:136,9,1,0
BRDA:138,10,0,0
BRDA:138,10,1,0
BRDA:158,11,0,0
BRDA:159,12,0,0
BRDA:159,12,1,0
BRDA:168,13,0,0
BRDA:168,13,1,0
BRDA:170,14,0,0
BRDA:170,14,1,0
BRDA:175,15,0,0
BRDA:175,15,1,0
BRDA:177,16,0,0
BRDA:177,16,1,0
BRF:33
BRH:0
end_of_record
TN:
SF:src/backend/profiler/core/Profiler.ts
FN:15,(anonymous_1)
FN:35,(anonymous_2)
FN:51,(anonymous_3)
FN:70,(anonymous_4)
FN:72,(anonymous_5)
FN:73,(anonymous_6)
FN:74,(anonymous_7)
FN:78,(anonymous_8)
FNF:8
FNH:0
FNDA:0,(anonymous_1)
FNDA:0,(anonymous_2)
FNDA:0,(anonymous_3)
FNDA:0,(anonymous_4)
FNDA:0,(anonymous_5)
FNDA:0,(anonymous_6)
FNDA:0,(anonymous_7)
FNDA:0,(anonymous_8)
DA:1,0
DA:2,0
DA:6,0
DA:12,0
DA:14,0
DA:16,0
DA:18,0
DA:20,0
DA:21,0
DA:26,0
DA:28,0
DA:29,0
DA:34,0
DA:35,0
DA:36,0
DA:37,0
DA:39,0
DA:41,0
DA:55,0
DA:71,0
DA:72,0
DA:73,0
DA:74,0
DA:85,0
DA:87,0
DA:88,0
DA:89,0
DA:90,0
DA:93,0
DA:94,0
DA:97,0
LF:31
LH:0
BRDA:20,0,0,0
BRDA:20,0,1,0
BRDA:28,1,0,0
BRDA:28,1,1,0
BRDA:36,2,0,0
BRDA:36,2,1,0
BRDA:56,3,0,0
BRDA:56,3,1,0
BRDA:59,4,0,0
BRDA:59,4,1,0
BRDA:61,5,0,0
BRDA:61,5,1,0
BRDA:64,6,0,0
BRDA:64,6,1,0
BRDA:88,7,0,0
BRDA:88,7,1,0
BRDA:89,8,0,0
BRDA:89,8,1,0
BRF:18
BRH:0
end_of_record
TN:
SF:src/backend/profiler/validation/MetadataValidator.ts
FN:9,(anonymous_0)
FN:35,(anonymous_1)
FNF:2
FNH:0
FNDA:0,(anonymous_0)
FNDA:0,(anonymous_1)
DA:8,0
DA:10,0
DA:11,0
DA:14,0
DA:15,0
DA:18,0
DA:19,0
DA:22,0
DA:23,0
DA:26,0
DA:27,0
DA:30,0
DA:31,0
DA:36,0
DA:38,0
DA:39,0
DA:42,0
DA:43,0
DA:46,0
DA:47,0
DA:50,0
DA:51,0
DA:54,0
LF:23
LH:0
BRDA:10,0,0,0
BRDA:10,0,1,0
BRDA:10,1,0,0
BRDA:10,1,1,0
BRDA:14,2,0,0
BRDA:14,2,1,0
BRDA:14,3,0,0
BRDA:14,3,1,0
BRDA:18,4,0,0
BRDA:18,4,1,0
BRDA:18,5,0,0
BRDA:18,5,1,0
BRDA:22,6,0,0
BRDA:22,6,1,0
BRDA:22,7,0,0
BRDA:22,7,1,0
BRDA:26,8,0,0
BRDA:26,8,1,0
BRDA:26,9,0,0
BRDA:26,9,1,0
BRDA:30,10,0,0
BRDA:30,10,1,0
BRDA:30,11,0,0
BRDA:30,11,1,0
BRDA:38,12,0,0
BRDA:38,12,1,0
BRDA:42,13,0,0
BRDA:42,13,1,0
BRDA:46,14,0,0
BRDA:46,14,1,0
BRDA:50,15,0,0
BRDA:50,15,1,0
BRF:32
BRH:0
end_of_record
TN:
SF:src/backend/profiler/validation/ProfilerValidator.ts
FN:5,validateResults
FN:17,flagZeroDurationTests
FN:18,(anonymous_2)
FN:22,detectOutlierTests
FN:23,(anonymous_4)
FN:24,(anonymous_5)
FN:24,(anonymous_6)
FN:27,validateCommitPresence
FNF:8
FNH:0
FNDA:0,validateResults
FNDA:0,flagZeroDurationTests
FNDA:0,(anonymous_2)
FNDA:0,detectOutlierTests
FNDA:0,(anonymous_4)
FNDA:0,(anonymous_5)
FNDA:0,(anonymous_6)
FNDA:0,validateCommitPresence
DA:3,0
DA:5,0
DA:6,0
DA:7,0
DA:10,0
DA:11,0
DA:12,0
DA:17,0
DA:18,0
DA:22,0
DA:23,0
DA:24,0
DA:27,0
DA:28,0
DA:29,0
LF:15
LH:0
BRDA:6,0,0,0
BRDA:6,0,1,0
BRDA:6,1,0,0
BRDA:6,1,1,0
BRDA:11,2,0,0
BRDA:11,2,1,0
BRDA:11,3,0,0
BRDA:11,3,1,0
BRDA:28,4,0,0
BRDA:28,4,1,0
BRF:10
BRH:0
end_of_record
TN:
SF:src/backend/storage/FileStore.ts
FN:18,(anonymous_9)
FN:23,(anonymous_10)
FN:28,(anonymous_11)
FN:32,(anonymous_12)
FN:37,(anonymous_13)
FN:39,(anonymous_14)
FN:52,(anonymous_15)
FN:54,(anonymous_16)
FN:67,(anonymous_17)
FN:71,(anonymous_18)
FN:81,(anonymous_19)
FN:85,(anonymous_20)
FN:103,(anonymous_21)
FN:111,(anonymous_22)
FN:138,(anonymous_23)
FN:153,(anonymous_24)
FN:160,(anonymous_25)
FN:175,(anonymous_26)
FNF:18
FNH:0
FNDA:0,(anonymous_9)
FNDA:0,(anonymous_10)
FNDA:0,(anonymous_11)
FNDA:0,(anonymous_12)
FNDA:0,(anonymous_13)
FNDA:0,(anonymous_14)
FNDA:0,(anonymous_15)
FNDA:0,(anonymous_16)
FNDA:0,(anonymous_17)
FNDA:0,(anonymous_18)
FNDA:0,(anonymous_19)
FNDA:0,(anonymous_20)
FNDA:0,(anonymous_21)
FNDA:0,(anonymous_22)
FNDA:0,(anonymous_23)
FNDA:0,(anonymous_24)
FNDA:0,(anonymous_25)
FNDA:0,(anonymous_26)
DA:1,1
DA:2,1
DA:3,1
DA:5,1
DA:8,1
DA:13,1
DA:14,1
DA:15,1
DA:17,1
DA:18,0
DA:19,0
DA:20,0
DA:24,0
DA:25,0
DA:29,0
DA:33,0
DA:38,0
DA:39,0
DA:40,0
DA:42,0
DA:43,0
DA:44,0
DA:45,0
DA:47,0
DA:48,0
DA:53,0
DA:54,0
DA:56,0
DA:57,0
DA:60,0
DA:62,0
DA:63,0
DA:68,0
DA:72,0
DA:78,0
DA:82,0
DA:86,0
DA:88,0
DA:89,0
DA:90,0
DA:92,0
DA:97,0
DA:99,0
DA:100,0
DA:104,0
DA:106,0
DA:107,0
DA:110,0
DA:111,0
DA:116,0
DA:118,0
DA:119,0
DA:121,0
DA:122,0
DA:123,0
DA:124,0
DA:125,0
DA:127,0
DA:128,0
DA:131,0
DA:135,0
DA:139,0
DA:141,0
DA:142,0
DA:145,0
DA:146,0
DA:147,0
DA:149,0
DA:154,0
DA:156,0
DA:157,0
DA:160,0
DA:162,0
DA:163,0
DA:166,0
DA:167,0
DA:168,0
DA:169,0
DA:171,0
DA:176,0
DA:178,0
DA:179,0
DA:182,0
DA:183,0
DA:185,0
DA:186,0
DA:187,0
DA:190,0
DA:192,0
DA:193,0
DA:194,0
DA:195,0
DA:197,0
DA:198,0
DA:201,0
DA:202,0
DA:204,0
DA:205,0
DA:208,0
DA:214,0
LF:100
LH:9
BRDA:18,0,0,0
BRDA:39,1,0,0
BRDA:39,1,1,0
BRDA:56,2,0,0
BRDA:56,2,1,0
BRDA:103,3,0,0
BRDA:106,4,0,0
BRDA:106,4,1,0
BRDA:122,5,0,0
BRDA:122,5,1,0
BRDA:141,6,0,0
BRDA:141,6,1,0
BRDA:156,7,0,0
BRDA:156,7,1,0
BRDA:162,8,0,0
BRDA:162,8,1,0
BRDA:169,9,0,0
BRDA:169,9,1,0
BRDA:178,10,0,0
BRDA:178,10,1,0
BRDA:186,11,0,0
BRDA:186,11,1,0
BRDA:195,12,0,0
BRDA:195,12,1,0
BRDA:197,13,0,0
BRDA:197,13,1,0
BRDA:204,14,0,0
BRDA:204,14,1,0
BRDA:204,15,0,0
BRDA:204,15,1,0
BRDA:204,15,2,0
BRF:31
BRH:0
end_of_record
TN:
SF:src/backend/storage/SchemaVersions.ts
FNF:0
FNH:0
DA:1,1
DA:2,1
LF:2
LH:2
BRF:0
BRH:0
end_of_record
TN:
SF:src/backend/storage/StoragePaths.ts
FN:6,profilesDir
FN:10,distributionsDir
FN:14,profilePath
FN:18,distributionPath
FN:22,historicalProfilePath
FNF:5
FNH:0
FNDA:0,profilesDir
FNDA:0,distributionsDir
FNDA:0,profilePath
FNDA:0,distributionPath
FNDA:0,historicalProfilePath
DA:1,1
DA:4,1
DA:6,1
DA:7,0
DA:10,1
DA:11,0
DA:14,1
DA:15,0
DA:18,1
DA:19,0
DA:22,1
DA:23,0
LF:12
LH:7
BRDA:6,0,0,0
BRDA:10,1,0,0
BRDA:22,2,0,0
BRF:3
BRH:0
end_of_record
TN:
SF:src/backend/utils/Terminal.ts
FN:1,renderBar
FNF:1
FNH:0
FNDA:0,renderBar
DA:1,0
DA:2,0
DA:3,0
DA:6,0
DA:7,0
DA:8,0
DA:10,0
LF:7
LH:0
BRDA:1,0,0,0
BRDA:2,1,0,0
BRDA:2,1,1,0
BRF:3
BRH:0
end_of_record
TN:
SF:src/backend/utils/cliColors.ts
FN:3,(anonymous_1)
FN:5,(anonymous_2)
FN:7,(anonymous_3)
FN:9,(anonymous_4)
FNF:4
FNH:0
FNDA:0,(anonymous_1)
FNDA:0,(anonymous_2)
FNDA:0,(anonymous_3)
FNDA:0,(anonymous_4)
DA:1,0
DA:3,0
DA:5,0
DA:7,0
DA:9,0
LF:5
LH:0
BRF:0
BRH:0
end_of_record
TN:
SF:src/backend/utils/stats.ts
FN:6,computeOutlierThreshold
FN:9,(anonymous_1)
FN:10,(anonymous_2)
FNF:3
FNH:0
FNDA:0,computeOutlierThreshold
FNDA:0,(anonymous_1)
FNDA:0,(anonymous_2)
DA:6,0
DA:7,0
DA:9,0
DA:10,0
DA:11,0
DA:13,0
DA:15,0
LF:7
LH:0
BRDA:7,0,0,0
BRDA:7,0,1,0
BRDA:13,1,0,0
BRDA:13,1,1,0
BRF:4
BRH:0
end_of_record
